Using pre-set license
Built from '2021.3/release' branch; Version is '2021.3.17f1 (3e8111cac19d) revision 4096273'; Using compiler version '192829333'; Build Type 'Release'
OS: 'Windows 10  (10.0.19044) 64bit Core' Language: 'da' Physical Memory: 16332 MB
BatchMode: 1, IsHumanControllingUs: 0, StartBugReporterOnCrash: 0, Is64bit: 1, IsPro: 1

COMMAND LINE ARGUMENTS:
C:\Program Files\Unity\Hub\Editor\2021.3.17f1\Editor\Unity.exe
-adb2
-batchMode
-noUpm
-name
AssetImportWorker6
-projectPath
C:/Users/owais/Documents/GitHub/GameDev-Hand-In/HandIn
-logFile
Logs/AssetImportWorker6.log
-srvPort
50175
Successfully changed project path to: C:/Users/owais/Documents/GitHub/GameDev-Hand-In/HandIn
C:/Users/owais/Documents/GitHub/GameDev-Hand-In/HandIn
[UnityMemory] Configuration Parameters - Can be set up in boot.config
    "memorysetup-bucket-allocator-granularity=16"
    "memorysetup-bucket-allocator-bucket-count=8"
    "memorysetup-bucket-allocator-block-size=33554432"
    "memorysetup-bucket-allocator-block-count=8"
    "memorysetup-main-allocator-block-size=16777216"
    "memorysetup-thread-allocator-block-size=16777216"
    "memorysetup-gfx-main-allocator-block-size=16777216"
    "memorysetup-gfx-thread-allocator-block-size=16777216"
    "memorysetup-cache-allocator-block-size=4194304"
    "memorysetup-typetree-allocator-block-size=2097152"
    "memorysetup-profiler-bucket-allocator-granularity=16"
    "memorysetup-profiler-bucket-allocator-bucket-count=8"
    "memorysetup-profiler-bucket-allocator-block-size=33554432"
    "memorysetup-profiler-bucket-allocator-block-count=8"
    "memorysetup-profiler-allocator-block-size=16777216"
    "memorysetup-profiler-editor-allocator-block-size=1048576"
    "memorysetup-temp-allocator-size-main=16777216"
    "memorysetup-job-temp-allocator-block-size=2097152"
    "memorysetup-job-temp-allocator-block-size-background=1048576"
    "memorysetup-job-temp-allocator-reduction-small-platforms=262144"
    "memorysetup-temp-allocator-size-background-worker=32768"
    "memorysetup-temp-allocator-size-job-worker=262144"
    "memorysetup-temp-allocator-size-preload-manager=33554432"
    "memorysetup-temp-allocator-size-nav-mesh-worker=65536"
    "memorysetup-temp-allocator-size-audio-worker=65536"
    "memorysetup-temp-allocator-size-cloud-worker=32768"
    "memorysetup-temp-allocator-size-gi-baking-worker=262144"
    "memorysetup-temp-allocator-size-gfx=262144"
Player connection [7388] Host "[IP] 192.168.87.109 [Port] 0 [Flags] 2 [Guid] 3030727613 [EditorId] 3030727613 [Version] 1048832 [Id] WindowsEditor(7,DESKTOP-QIVENQ9) [Debug] 1 [PackageName] WindowsEditor [ProjectName] Editor" joined multi-casting on [225.0.0.222:54997]...

Player connection [7388] Host "[IP] 192.168.87.109 [Port] 0 [Flags] 2 [Guid] 3030727613 [EditorId] 3030727613 [Version] 1048832 [Id] WindowsEditor(7,DESKTOP-QIVENQ9) [Debug] 1 [PackageName] WindowsEditor [ProjectName] Editor" joined alternative multi-casting on [225.0.0.222:34997]...

Refreshing native plugins compatible for Editor in 101.69 ms, found 3 plugins.
Preloading 0 native plugins for Editor in 0.00 ms.
Initialize engine version: 2021.3.17f1 (3e8111cac19d)
[Subsystems] Discovering subsystems at path C:/Program Files/Unity/Hub/Editor/2021.3.17f1/Editor/Data/Resources/UnitySubsystems
[Subsystems] Discovering subsystems at path C:/Users/owais/Documents/GitHub/GameDev-Hand-In/HandIn/Assets
GfxDevice: creating device client; threaded=0; jobified=0
Direct3D:
    Version:  Direct3D 11.0 [level 11.1]
    Renderer: NVIDIA GeForce GTX 1080 Ti (ID=0x1b06)
    Vendor:   NVIDIA
    VRAM:     11120 MB
    Driver:   31.0.15.2756
Initialize mono
Mono path[0] = 'C:/Program Files/Unity/Hub/Editor/2021.3.17f1/Editor/Data/Managed'
Mono path[1] = 'C:/Program Files/Unity/Hub/Editor/2021.3.17f1/Editor/Data/MonoBleedingEdge/lib/mono/unityjit-win32'
Mono config path = 'C:/Program Files/Unity/Hub/Editor/2021.3.17f1/Editor/Data/MonoBleedingEdge/etc'
Using monoOptions --debugger-agent=transport=dt_socket,embedding=1,server=y,suspend=n,address=127.0.0.1:56532
Begin MonoManager ReloadAssembly
Registering precompiled unity dll's ...
Register platform support module: C:/Program Files/Unity/Hub/Editor/2021.3.17f1/Editor/Data/PlaybackEngines/WindowsStandaloneSupport/UnityEditor.WindowsStandalone.Extensions.dll
Registered in 0.005487 seconds.
Native extension for WindowsStandalone target not found
Refreshing native plugins compatible for Editor in 149.69 ms, found 3 plugins.
Preloading 0 native plugins for Editor in 0.00 ms.
Mono: successfully reloaded assembly
- Completed reload, in  0.815 seconds
Domain Reload Profiling:
	ReloadAssembly (815ms)
		BeginReloadAssembly (77ms)
			ExecutionOrderSort (0ms)
			DisableScriptedObjects (0ms)
			BackupInstance (0ms)
			ReleaseScriptingObjects (0ms)
			CreateAndSetChildDomain (1ms)
		EndReloadAssembly (635ms)
			LoadAssemblies (75ms)
			RebuildTransferFunctionScriptingTraits (0ms)
			SetupTypeCache (118ms)
			ReleaseScriptCaches (0ms)
			RebuildScriptCaches (36ms)
			SetupLoadedEditorAssemblies (419ms)
				LogAssemblyErrors (0ms)
				InitializePlatformSupportModulesInManaged (13ms)
				SetLoadedEditorAssemblies (0ms)
				RefreshPlugins (150ms)
				BeforeProcessingInitializeOnLoad (2ms)
				ProcessInitializeOnLoadAttributes (210ms)
				ProcessInitializeOnLoadMethodAttributes (44ms)
				AfterProcessingInitializeOnLoad (0ms)
				EditorAssembliesLoaded (0ms)
			ExecutionOrderSort2 (0ms)
			AwakeInstancesAfterBackupRestoration (0ms)
Platform modules already initialized, skipping
Registering precompiled user dll's ...
Registered in 0.005339 seconds.
Begin MonoManager ReloadAssembly
Symbol file LoadedFromMemory doesn't match image C:\Users\owais\Documents\GitHub\GameDev-Hand-In\HandIn\Library\PackageCache\com.unity.visualscripting@1.8.0\Editor\VisualScripting.Core\Dependencies\YamlDotNet\Unity.VisualScripting.YamlDotNet.dll
Symbol file LoadedFromMemory doesn't match image C:\Users\owais\Documents\GitHub\GameDev-Hand-In\HandIn\Library\PackageCache\com.unity.visualscripting@1.8.0\Editor\VisualScripting.Core\Dependencies\DotNetZip\Unity.VisualScripting.IonicZip.dll
Native extension for WindowsStandalone target not found
Refreshing native plugins compatible for Editor in 0.52 ms, found 3 plugins.
Preloading 0 native plugins for Editor in 0.00 ms.
Mono: successfully reloaded assembly
- Completed reload, in  1.016 seconds
Domain Reload Profiling:
	ReloadAssembly (1017ms)
		BeginReloadAssembly (113ms)
			ExecutionOrderSort (0ms)
			DisableScriptedObjects (6ms)
			BackupInstance (0ms)
			ReleaseScriptingObjects (0ms)
			CreateAndSetChildDomain (20ms)
		EndReloadAssembly (795ms)
			LoadAssemblies (86ms)
			RebuildTransferFunctionScriptingTraits (0ms)
			SetupTypeCache (274ms)
			ReleaseScriptCaches (1ms)
			RebuildScriptCaches (47ms)
			SetupLoadedEditorAssemblies (359ms)
				LogAssemblyErrors (0ms)
				InitializePlatformSupportModulesInManaged (5ms)
				SetLoadedEditorAssemblies (0ms)
				RefreshPlugins (1ms)
				BeforeProcessingInitializeOnLoad (93ms)
				ProcessInitializeOnLoadAttributes (230ms)
				ProcessInitializeOnLoadMethodAttributes (24ms)
				AfterProcessingInitializeOnLoad (7ms)
				EditorAssembliesLoaded (0ms)
			ExecutionOrderSort2 (0ms)
			AwakeInstancesAfterBackupRestoration (6ms)
Platform modules already initialized, skipping
========================================================================
Worker process is ready to serve import requests
Launched and connected shader compiler UnityShaderCompiler.exe after 0.04 seconds
Refreshing native plugins compatible for Editor in 0.88 ms, found 3 plugins.
Preloading 0 native plugins for Editor in 0.00 ms.
Unloading 3376 Unused Serialized files (Serialized files now loaded: 0)
Unloading 27 unused Assets / (113.8 KB). Loaded Objects now: 3847.
Memory consumption went from 127.8 MB to 127.7 MB.
Total: 3.820400 ms (FindLiveObjects: 0.262000 ms CreateObjectMapping: 0.195100 ms MarkObjects: 3.265700 ms  DeleteObjects: 0.096900 ms)

AssetImportParameters requested are different than current active one (requested -> active):
  custom:video-decoder-ogg-theora: a1e56fd34408186e4bbccfd4996cb3dc -> 
  custom:container-muxer-webm: aa71ff27fc2769a1b78a27578f13a17b -> 
  custom:container-demuxer-webm: 4f35f7cbe854078d1ac9338744f61a02 -> 
  custom:video-encoder-webm-vp8: eb34c28f22e8b96e1ab97ce403110664 -> 
  custom:video-codec-MediaFoundation-h265: 746d11721c4dcdbdad8f713fa42b33f4 -> 
  custom:audio-encoder-webm-vorbis: bf7c407c2cedff20999df2af8eb42d56 -> 
  custom:framework-win-MediaFoundation: 216162199b28c13a410421893ffa2e32 -> 
  custom:container-demuxer-ogg: 62fdf1f143b41e24485cea50d1cbac27 -> 
  custom:video-decoder-webm-vp8: 9c59270c3fd7afecdb556c50c9e8de78 -> 
  custom:audio-decoder-ogg-vorbis: bf7c407c2cedff20999df2af8eb42d56 -> 
========================================================================
Received Import Request.
  Time since last request: 2604.448221 seconds.
  path: Assets/SummerEnvironment/Park/Models/NaturePark.fbx
  artifactKey: Guid(72e643619fa32984785527a0c110a313) Importer(815301076,1909f56bfc062723c751e8b465ee728b)
Start importing Assets/SummerEnvironment/Park/Models/NaturePark.fbx using Guid(72e643619fa32984785527a0c110a313) Importer(815301076,1909f56bfc062723c751e8b465ee728b)  -> (artifact id: '09d4dd77dcda2c6bec2c3e5490c9077f') in 0.375041 seconds 
========================================================================
Received Import Request.
  Time since last request: 0.180358 seconds.
  path: Assets/SummerEnvironment/Park/Materials/Park_Material.mat
  artifactKey: Guid(cd755f09272c3854ca39b842f57debc5) Importer(815301076,1909f56bfc062723c751e8b465ee728b)
Start importing Assets/SummerEnvironment/Park/Materials/Park_Material.mat using Guid(cd755f09272c3854ca39b842f57debc5) Importer(815301076,1909f56bfc062723c751e8b465ee728b)  -> (artifact id: 'd95b8ec70ba4b12b189d4f97aaa53894') in 0.030392 seconds 
========================================================================
Received Import Request.
  Time since last request: 226.522620 seconds.
  path: Assets/SummerEnvironment/Park/Models/NaturePark.fbx
  artifactKey: Guid(72e643619fa32984785527a0c110a313) Importer(815301076,1909f56bfc062723c751e8b465ee728b)
Start importing Assets/SummerEnvironment/Park/Models/NaturePark.fbx using Guid(72e643619fa32984785527a0c110a313) Importer(815301076,1909f56bfc062723c751e8b465ee728b)  -> (artifact id: '884a3f370351b7b5f23009c327d81885') in 0.241627 seconds 
========================================================================
Received Import Request.
  Time since last request: 133.954709 seconds.
  path: Assets/SummerEnvironment/LowpolyVegetationPackFree/Prefabs/Banana.prefab
  artifactKey: Guid(0240838b56fa8744abdedafcb5a80ebb) Importer(815301076,1909f56bfc062723c751e8b465ee728b)
Start importing Assets/SummerEnvironment/LowpolyVegetationPackFree/Prefabs/Banana.prefab using Guid(0240838b56fa8744abdedafcb5a80ebb) Importer(815301076,1909f56bfc062723c751e8b465ee728b)  -> (artifact id: '457b3e06c4ab7a8e1d9207e586438974') in 0.022395 seconds 
========================================================================
Received Import Request.
  Time since last request: 0.000028 seconds.
  path: Assets/SummerEnvironment/LowpolyVegetationPackFree/Prefabs/Stone_3.prefab
  artifactKey: Guid(084ccf207a3a8a04ab5fa4d0cb470c55) Importer(815301076,1909f56bfc062723c751e8b465ee728b)
Start importing Assets/SummerEnvironment/LowpolyVegetationPackFree/Prefabs/Stone_3.prefab using Guid(084ccf207a3a8a04ab5fa4d0cb470c55) Importer(815301076,1909f56bfc062723c751e8b465ee728b)  -> (artifact id: 'f34927d5ed0ef2e7b3e1e13215339ced') in 0.017488 seconds 
========================================================================
Received Import Request.
  Time since last request: 0.000022 seconds.
  path: Assets/SummerEnvironment/LowpolyVegetationPackFree/Prefabs/PalmType1_4.prefab
  artifactKey: Guid(d77236787a13ca14d86f434d4a4a4cb6) Importer(815301076,1909f56bfc062723c751e8b465ee728b)
Start importing Assets/SummerEnvironment/LowpolyVegetationPackFree/Prefabs/PalmType1_4.prefab using Guid(d77236787a13ca14d86f434d4a4a4cb6) Importer(815301076,1909f56bfc062723c751e8b465ee728b)  -> (artifact id: '252600ceb92599115211237349715b39') in 0.027409 seconds 
========================================================================
Received Import Request.
  Time since last request: 0.000029 seconds.
  path: Assets/SummerEnvironment/LowpolyVegetationPackFree/Prefabs/TreeType5_3.prefab
  artifactKey: Guid(c8f241d1151c5a14dbac88fd4bea1d93) Importer(815301076,1909f56bfc062723c751e8b465ee728b)
Start importing Assets/SummerEnvironment/LowpolyVegetationPackFree/Prefabs/TreeType5_3.prefab using Guid(c8f241d1151c5a14dbac88fd4bea1d93) Importer(815301076,1909f56bfc062723c751e8b465ee728b)  -> (artifact id: '22e2df32ec27a50bc26497159aa53535') in 0.017404 seconds 
========================================================================
Received Import Request.
  Time since last request: 0.000025 seconds.
  path: Assets/SummerEnvironment/LowpolyVegetationPackFree/Prefabs/DeadTree_08.prefab
  artifactKey: Guid(d49634e20277dae4bb3439bfd5262bb7) Importer(815301076,1909f56bfc062723c751e8b465ee728b)
Start importing Assets/SummerEnvironment/LowpolyVegetationPackFree/Prefabs/DeadTree_08.prefab using Guid(d49634e20277dae4bb3439bfd5262bb7) Importer(815301076,1909f56bfc062723c751e8b465ee728b)  -> (artifact id: '62c4722f05ce84f50275c796a1a74274') in 0.017851 seconds 
========================================================================
Received Import Request.
  Time since last request: 0.000029 seconds.
  path: Assets/SummerEnvironment/LowpolyVegetationPackFree/Prefabs/MushroomType1_3.prefab
  artifactKey: Guid(458a74fb5b4f6ee4f8ec12ac39eb02a7) Importer(815301076,1909f56bfc062723c751e8b465ee728b)
Start importing Assets/SummerEnvironment/LowpolyVegetationPackFree/Prefabs/MushroomType1_3.prefab using Guid(458a74fb5b4f6ee4f8ec12ac39eb02a7) Importer(815301076,1909f56bfc062723c751e8b465ee728b)  -> (artifact id: 'fabbe6fe4667c44f9d15606fa58a8363') in 0.016281 seconds 
========================================================================
Received Import Request.
  Time since last request: 0.000045 seconds.
  path: Assets/SummerEnvironment/LowpolyVegetationPackFree/Prefabs/TreeType1_07.prefab
  artifactKey: Guid(87475ce363e4bcf40b5791256be68f7d) Importer(815301076,1909f56bfc062723c751e8b465ee728b)
Start importing Assets/SummerEnvironment/LowpolyVegetationPackFree/Prefabs/TreeType1_07.prefab using Guid(87475ce363e4bcf40b5791256be68f7d) Importer(815301076,1909f56bfc062723c751e8b465ee728b)  -> (artifact id: '71c72e82d0b60c56797042a4d0e7132b') in 0.015782 seconds 
========================================================================
Received Import Request.
  Time since last request: 0.000024 seconds.
  path: Assets/SummerEnvironment/LowpolyVegetationPackFree/Prefabs/Grass3D_02.prefab
  artifactKey: Guid(f80320821301293469fd7263b5c778a3) Importer(815301076,1909f56bfc062723c751e8b465ee728b)
Start importing Assets/SummerEnvironment/LowpolyVegetationPackFree/Prefabs/Grass3D_02.prefab using Guid(f80320821301293469fd7263b5c778a3) Importer(815301076,1909f56bfc062723c751e8b465ee728b)  -> (artifact id: 'd88162e07735421eb5adf22505497981') in 0.015423 seconds 
========================================================================
Received Import Request.
  Time since last request: 0.000031 seconds.
  path: Assets/SummerEnvironment/LowpolyVegetationPackFree/Prefabs/Cloud_3.prefab
  artifactKey: Guid(7a9b18789a7a0674f90f08e84623d6d0) Importer(815301076,1909f56bfc062723c751e8b465ee728b)
Start importing Assets/SummerEnvironment/LowpolyVegetationPackFree/Prefabs/Cloud_3.prefab using Guid(7a9b18789a7a0674f90f08e84623d6d0) Importer(815301076,1909f56bfc062723c751e8b465ee728b)  -> (artifact id: '14a8169027fee521f756e8f06b57e236') in 0.017270 seconds 
========================================================================
Received Import Request.
  Time since last request: 0.000034 seconds.
  path: Assets/SummerEnvironment/LowpolyVegetationPackFree/Prefabs/Vine_1.prefab
  artifactKey: Guid(86be09d8335b8fe4793de59175aeb6a0) Importer(815301076,1909f56bfc062723c751e8b465ee728b)
Start importing Assets/SummerEnvironment/LowpolyVegetationPackFree/Prefabs/Vine_1.prefab using Guid(86be09d8335b8fe4793de59175aeb6a0) Importer(815301076,1909f56bfc062723c751e8b465ee728b)  -> (artifact id: 'bfa228d1d6b750fd50ca7efec84e1d31') in 0.015515 seconds 
========================================================================
Received Import Request.
  Time since last request: 0.000029 seconds.
  path: Assets/SummerEnvironment/LowpolyVegetationPackFree/Prefabs/Cactus_4.prefab
  artifactKey: Guid(29974a951b75ba64d85cd76ae1e03ede) Importer(815301076,1909f56bfc062723c751e8b465ee728b)
Start importing Assets/SummerEnvironment/LowpolyVegetationPackFree/Prefabs/Cactus_4.prefab using Guid(29974a951b75ba64d85cd76ae1e03ede) Importer(815301076,1909f56bfc062723c751e8b465ee728b)  -> (artifact id: '662859f4041f221b20f3f577162195a1') in 0.015113 seconds 
========================================================================
Received Import Request.
  Time since last request: 1.065898 seconds.
  path: Assets/SummerEnvironment/LowpolyVegetationPackFree/Materials/PalettesVegetationsPackBonusFree.mat
  artifactKey: Guid(a2c8ddb5ea433104a9639539ee9c2e51) Importer(815301076,1909f56bfc062723c751e8b465ee728b)
Start importing Assets/SummerEnvironment/LowpolyVegetationPackFree/Materials/PalettesVegetationsPackBonusFree.mat using Guid(a2c8ddb5ea433104a9639539ee9c2e51) Importer(815301076,1909f56bfc062723c751e8b465ee728b)  -> (artifact id: '577e6a874be9822f02fbd7f7def87f06') in 0.016121 seconds 
========================================================================
Received Import Request.
  Time since last request: 1.504485 seconds.
  path: Assets/SummerEnvironment/LowpolyVegetationPackFree/Modeles/Banana.fbx
  artifactKey: Guid(f4876d71e0dcdfa4d95578c68ba7352d) Importer(815301076,1909f56bfc062723c751e8b465ee728b)
Start importing Assets/SummerEnvironment/LowpolyVegetationPackFree/Modeles/Banana.fbx using Guid(f4876d71e0dcdfa4d95578c68ba7352d) Importer(815301076,1909f56bfc062723c751e8b465ee728b)  -> (artifact id: '4d357929f8a4319cd323bc66d44bcb70') in 0.013606 seconds 
========================================================================
Received Import Request.
  Time since last request: 0.000021 seconds.
  path: Assets/SummerEnvironment/LowpolyVegetationPackFree/Modeles/PalmType1_4.fbx
  artifactKey: Guid(7ebf217e5ff038d4cb4f607ab01f140b) Importer(815301076,1909f56bfc062723c751e8b465ee728b)
Start importing Assets/SummerEnvironment/LowpolyVegetationPackFree/Modeles/PalmType1_4.fbx using Guid(7ebf217e5ff038d4cb4f607ab01f140b) Importer(815301076,1909f56bfc062723c751e8b465ee728b)  -> (artifact id: '4163800f195efeae84684e8646ce4336') in 0.019354 seconds 
========================================================================
Received Import Request.
  Time since last request: 0.000021 seconds.
  path: Assets/SummerEnvironment/LowpolyVegetationPackFree/Modeles/Grass3D_08.fbx
  artifactKey: Guid(cb7c1f4a542678b4684417f1118e2703) Importer(815301076,1909f56bfc062723c751e8b465ee728b)
Start importing Assets/SummerEnvironment/LowpolyVegetationPackFree/Modeles/Grass3D_08.fbx using Guid(cb7c1f4a542678b4684417f1118e2703) Importer(815301076,1909f56bfc062723c751e8b465ee728b)  -> (artifact id: '0a44307ad81781df06b0a8820a437f67') in 0.016412 seconds 
========================================================================
Received Import Request.
  Time since last request: 0.000035 seconds.
  path: Assets/SummerEnvironment/LowpolyVegetationPackFree/Modeles/FirTree_02.fbx
  artifactKey: Guid(f5dda75856345af45935017fa81dbef3) Importer(815301076,1909f56bfc062723c751e8b465ee728b)
Start importing Assets/SummerEnvironment/LowpolyVegetationPackFree/Modeles/FirTree_02.fbx using Guid(f5dda75856345af45935017fa81dbef3) Importer(815301076,1909f56bfc062723c751e8b465ee728b)  -> (artifact id: 'b7cc91009721f5401f2253cf6475be74') in 0.020983 seconds 
========================================================================
Received Import Request.
  Time since last request: 0.000026 seconds.
  path: Assets/SummerEnvironment/LowpolyVegetationPackFree/Modeles/Grass3D_02.fbx
  artifactKey: Guid(6bd82a85bbdae2b41982fb74a3fdb0ec) Importer(815301076,1909f56bfc062723c751e8b465ee728b)
Start importing Assets/SummerEnvironment/LowpolyVegetationPackFree/Modeles/Grass3D_02.fbx using Guid(6bd82a85bbdae2b41982fb74a3fdb0ec) Importer(815301076,1909f56bfc062723c751e8b465ee728b)  -> (artifact id: 'e90311b29fd75b64f67a7b1dde6d3654') in 0.016445 seconds 
========================================================================
Received Import Request.
  Time since last request: 0.000021 seconds.
  path: Assets/SummerEnvironment/LowpolyVegetationPackFree/Modeles/Vine_1.fbx
  artifactKey: Guid(d06b7af439d9f494fb07e779c82e8540) Importer(815301076,1909f56bfc062723c751e8b465ee728b)
Start importing Assets/SummerEnvironment/LowpolyVegetationPackFree/Modeles/Vine_1.fbx using Guid(d06b7af439d9f494fb07e779c82e8540) Importer(815301076,1909f56bfc062723c751e8b465ee728b)  -> (artifact id: 'fe090c1d98c97b08708378601d71c86d') in 0.016789 seconds 
========================================================================
Received Import Request.
  Time since last request: 0.000023 seconds.
  path: Assets/SummerEnvironment/LowpolyVegetationPackFree/Modeles/Stump_03.fbx
  artifactKey: Guid(9658f6ca8f6ae9445b3093feaed09aa2) Importer(815301076,1909f56bfc062723c751e8b465ee728b)
Start importing Assets/SummerEnvironment/LowpolyVegetationPackFree/Modeles/Stump_03.fbx using Guid(9658f6ca8f6ae9445b3093feaed09aa2) Importer(815301076,1909f56bfc062723c751e8b465ee728b)  -> (artifact id: '143e58e04056bd4cd9e80232dc5c70d1') in 0.017292 seconds 
========================================================================
Received Import Request.
  Time since last request: 0.000024 seconds.
  path: Assets/SummerEnvironment/LowpolyVegetationPackFree/Modeles/TreeType5_3.fbx
  artifactKey: Guid(65733ee04360b054f8ce56d55642c7fd) Importer(815301076,1909f56bfc062723c751e8b465ee728b)
Start importing Assets/SummerEnvironment/LowpolyVegetationPackFree/Modeles/TreeType5_3.fbx using Guid(65733ee04360b054f8ce56d55642c7fd) Importer(815301076,1909f56bfc062723c751e8b465ee728b)  -> (artifact id: '29295b665f5c71d6148bd336eac0f941') in 0.018247 seconds 
========================================================================
Received Import Request.
  Time since last request: 0.000030 seconds.
  path: Assets/SummerEnvironment/LowpolyVegetationPackFree/Modeles/Grass3D_10.fbx
  artifactKey: Guid(0fcc27fadc412e04d94e158bc4f0fafd) Importer(815301076,1909f56bfc062723c751e8b465ee728b)
Start importing Assets/SummerEnvironment/LowpolyVegetationPackFree/Modeles/Grass3D_10.fbx using Guid(0fcc27fadc412e04d94e158bc4f0fafd) Importer(815301076,1909f56bfc062723c751e8b465ee728b)  -> (artifact id: '1f97689d0e2ecb272d0aadc6d830b36c') in 0.015680 seconds 
========================================================================
Received Import Request.
  Time since last request: 0.000043 seconds.
  path: Assets/SummerEnvironment/LowpolyVegetationPackFree/Modeles/Branch_5.fbx
  artifactKey: Guid(74b19e84d1663f04c9b29c6244e5364b) Importer(815301076,1909f56bfc062723c751e8b465ee728b)
Start importing Assets/SummerEnvironment/LowpolyVegetationPackFree/Modeles/Branch_5.fbx using Guid(74b19e84d1663f04c9b29c6244e5364b) Importer(815301076,1909f56bfc062723c751e8b465ee728b)  -> (artifact id: '87ce67522aedebb914e87a2fc8e7b53b') in 0.022009 seconds 
========================================================================
Received Import Request.
  Time since last request: 0.000021 seconds.
  path: Assets/SummerEnvironment/LowpolyVegetationPackFree/Modeles/Shrub_18.fbx
  artifactKey: Guid(16a08ea23a2512b449006ebb1112b57f) Importer(815301076,1909f56bfc062723c751e8b465ee728b)
Start importing Assets/SummerEnvironment/LowpolyVegetationPackFree/Modeles/Shrub_18.fbx using Guid(16a08ea23a2512b449006ebb1112b57f) Importer(815301076,1909f56bfc062723c751e8b465ee728b)  -> (artifact id: 'c830bb05e831e816c9884f1bcffb3462') in 0.016909 seconds 
Editor requested this worker to shutdown with reason: Scaling down because of idle timeout
AssetImportWorker is now disconnected from the server
Process exiting
Exiting without the bug reporter. Application will terminate with return code 0