Using pre-set license
Built from '2021.3/release' branch; Version is '2021.3.17f1 (3e8111cac19d) revision 4096273'; Using compiler version '192829333'; Build Type 'Release'
OS: 'Windows 10  (10.0.19044) 64bit Core' Language: 'da' Physical Memory: 16332 MB
BatchMode: 1, IsHumanControllingUs: 0, StartBugReporterOnCrash: 0, Is64bit: 1, IsPro: 1

COMMAND LINE ARGUMENTS:
C:\Program Files\Unity\Hub\Editor\2021.3.17f1\Editor\Unity.exe
-adb2
-batchMode
-noUpm
-name
AssetImportWorker2
-projectPath
C:/Users/owais/Documents/GitHub/GameDev-Hand-In/HandIn
-logFile
Logs/AssetImportWorker2.log
-srvPort
50175
Successfully changed project path to: C:/Users/owais/Documents/GitHub/GameDev-Hand-In/HandIn
C:/Users/owais/Documents/GitHub/GameDev-Hand-In/HandIn
[UnityMemory] Configuration Parameters - Can be set up in boot.config
    "memorysetup-bucket-allocator-granularity=16"
    "memorysetup-bucket-allocator-bucket-count=8"
    "memorysetup-bucket-allocator-block-size=33554432"
    "memorysetup-bucket-allocator-block-count=8"
    "memorysetup-main-allocator-block-size=16777216"
    "memorysetup-thread-allocator-block-size=16777216"
    "memorysetup-gfx-main-allocator-block-size=16777216"
    "memorysetup-gfx-thread-allocator-block-size=16777216"
    "memorysetup-cache-allocator-block-size=4194304"
    "memorysetup-typetree-allocator-block-size=2097152"
    "memorysetup-profiler-bucket-allocator-granularity=16"
    "memorysetup-profiler-bucket-allocator-bucket-count=8"
    "memorysetup-profiler-bucket-allocator-block-size=33554432"
    "memorysetup-profiler-bucket-allocator-block-count=8"
    "memorysetup-profiler-allocator-block-size=16777216"
    "memorysetup-profiler-editor-allocator-block-size=1048576"
    "memorysetup-temp-allocator-size-main=16777216"
    "memorysetup-job-temp-allocator-block-size=2097152"
    "memorysetup-job-temp-allocator-block-size-background=1048576"
    "memorysetup-job-temp-allocator-reduction-small-platforms=262144"
    "memorysetup-temp-allocator-size-background-worker=32768"
    "memorysetup-temp-allocator-size-job-worker=262144"
    "memorysetup-temp-allocator-size-preload-manager=33554432"
    "memorysetup-temp-allocator-size-nav-mesh-worker=65536"
    "memorysetup-temp-allocator-size-audio-worker=65536"
    "memorysetup-temp-allocator-size-cloud-worker=32768"
    "memorysetup-temp-allocator-size-gi-baking-worker=262144"
    "memorysetup-temp-allocator-size-gfx=262144"
Player connection [14396] Host "[IP] 192.168.87.109 [Port] 0 [Flags] 2 [Guid] 2870450451 [EditorId] 2870450451 [Version] 1048832 [Id] WindowsEditor(7,DESKTOP-QIVENQ9) [Debug] 1 [PackageName] WindowsEditor [ProjectName] Editor" joined multi-casting on [225.0.0.222:54997]...

Player connection [14396] Host "[IP] 192.168.87.109 [Port] 0 [Flags] 2 [Guid] 2870450451 [EditorId] 2870450451 [Version] 1048832 [Id] WindowsEditor(7,DESKTOP-QIVENQ9) [Debug] 1 [PackageName] WindowsEditor [ProjectName] Editor" joined alternative multi-casting on [225.0.0.222:34997]...

Refreshing native plugins compatible for Editor in 92.78 ms, found 3 plugins.
Preloading 0 native plugins for Editor in 0.00 ms.
Initialize engine version: 2021.3.17f1 (3e8111cac19d)
[Subsystems] Discovering subsystems at path C:/Program Files/Unity/Hub/Editor/2021.3.17f1/Editor/Data/Resources/UnitySubsystems
[Subsystems] Discovering subsystems at path C:/Users/owais/Documents/GitHub/GameDev-Hand-In/HandIn/Assets
GfxDevice: creating device client; threaded=0; jobified=0
Direct3D:
    Version:  Direct3D 11.0 [level 11.1]
    Renderer: NVIDIA GeForce GTX 1080 Ti (ID=0x1b06)
    Vendor:   NVIDIA
    VRAM:     11120 MB
    Driver:   31.0.15.2756
Initialize mono
Mono path[0] = 'C:/Program Files/Unity/Hub/Editor/2021.3.17f1/Editor/Data/Managed'
Mono path[1] = 'C:/Program Files/Unity/Hub/Editor/2021.3.17f1/Editor/Data/MonoBleedingEdge/lib/mono/unityjit-win32'
Mono config path = 'C:/Program Files/Unity/Hub/Editor/2021.3.17f1/Editor/Data/MonoBleedingEdge/etc'
Using monoOptions --debugger-agent=transport=dt_socket,embedding=1,server=y,suspend=n,address=127.0.0.1:56624
Begin MonoManager ReloadAssembly
Registering precompiled unity dll's ...
Register platform support module: C:/Program Files/Unity/Hub/Editor/2021.3.17f1/Editor/Data/PlaybackEngines/WindowsStandaloneSupport/UnityEditor.WindowsStandalone.Extensions.dll
Registered in 0.007715 seconds.
Native extension for WindowsStandalone target not found
Refreshing native plugins compatible for Editor in 83.19 ms, found 3 plugins.
Preloading 0 native plugins for Editor in 0.00 ms.
Mono: successfully reloaded assembly
- Completed reload, in  0.667 seconds
Domain Reload Profiling:
	ReloadAssembly (667ms)
		BeginReloadAssembly (92ms)
			ExecutionOrderSort (0ms)
			DisableScriptedObjects (0ms)
			BackupInstance (0ms)
			ReleaseScriptingObjects (0ms)
			CreateAndSetChildDomain (1ms)
		EndReloadAssembly (457ms)
			LoadAssemblies (91ms)
			RebuildTransferFunctionScriptingTraits (0ms)
			SetupTypeCache (107ms)
			ReleaseScriptCaches (0ms)
			RebuildScriptCaches (29ms)
			SetupLoadedEditorAssemblies (272ms)
				LogAssemblyErrors (0ms)
				InitializePlatformSupportModulesInManaged (7ms)
				SetLoadedEditorAssemblies (0ms)
				RefreshPlugins (83ms)
				BeforeProcessingInitializeOnLoad (1ms)
				ProcessInitializeOnLoadAttributes (133ms)
				ProcessInitializeOnLoadMethodAttributes (47ms)
				AfterProcessingInitializeOnLoad (0ms)
				EditorAssembliesLoaded (0ms)
			ExecutionOrderSort2 (0ms)
			AwakeInstancesAfterBackupRestoration (0ms)
Platform modules already initialized, skipping
Registering precompiled user dll's ...
Registered in 0.007616 seconds.
Begin MonoManager ReloadAssembly
Symbol file LoadedFromMemory doesn't match image C:\Users\owais\Documents\GitHub\GameDev-Hand-In\HandIn\Library\PackageCache\com.unity.visualscripting@1.8.0\Editor\VisualScripting.Core\Dependencies\YamlDotNet\Unity.VisualScripting.YamlDotNet.dll
Symbol file LoadedFromMemory doesn't match image C:\Users\owais\Documents\GitHub\GameDev-Hand-In\HandIn\Library\PackageCache\com.unity.visualscripting@1.8.0\Editor\VisualScripting.Core\Dependencies\DotNetZip\Unity.VisualScripting.IonicZip.dll
Native extension for WindowsStandalone target not found
Refreshing native plugins compatible for Editor in 0.49 ms, found 3 plugins.
Preloading 0 native plugins for Editor in 0.00 ms.
Mono: successfully reloaded assembly
- Completed reload, in  1.025 seconds
Domain Reload Profiling:
	ReloadAssembly (1026ms)
		BeginReloadAssembly (110ms)
			ExecutionOrderSort (0ms)
			DisableScriptedObjects (6ms)
			BackupInstance (0ms)
			ReleaseScriptingObjects (0ms)
			CreateAndSetChildDomain (19ms)
		EndReloadAssembly (798ms)
			LoadAssemblies (85ms)
			RebuildTransferFunctionScriptingTraits (0ms)
			SetupTypeCache (274ms)
			ReleaseScriptCaches (1ms)
			RebuildScriptCaches (48ms)
			SetupLoadedEditorAssemblies (362ms)
				LogAssemblyErrors (0ms)
				InitializePlatformSupportModulesInManaged (5ms)
				SetLoadedEditorAssemblies (1ms)
				RefreshPlugins (1ms)
				BeforeProcessingInitializeOnLoad (86ms)
				ProcessInitializeOnLoadAttributes (238ms)
				ProcessInitializeOnLoadMethodAttributes (25ms)
				AfterProcessingInitializeOnLoad (7ms)
				EditorAssembliesLoaded (0ms)
			ExecutionOrderSort2 (0ms)
			AwakeInstancesAfterBackupRestoration (6ms)
Platform modules already initialized, skipping
========================================================================
Worker process is ready to serve import requests
Launched and connected shader compiler UnityShaderCompiler.exe after 0.05 seconds
Refreshing native plugins compatible for Editor in 0.80 ms, found 3 plugins.
Preloading 0 native plugins for Editor in 0.00 ms.
Unloading 3376 Unused Serialized files (Serialized files now loaded: 0)
Unloading 27 unused Assets / (113.8 KB). Loaded Objects now: 3847.
Memory consumption went from 127.7 MB to 127.6 MB.
Total: 5.924700 ms (FindLiveObjects: 0.396300 ms CreateObjectMapping: 0.310200 ms MarkObjects: 5.043000 ms  DeleteObjects: 0.174100 ms)

AssetImportParameters requested are different than current active one (requested -> active):
  custom:video-decoder-ogg-theora: a1e56fd34408186e4bbccfd4996cb3dc -> 
  custom:container-muxer-webm: aa71ff27fc2769a1b78a27578f13a17b -> 
  custom:container-demuxer-webm: 4f35f7cbe854078d1ac9338744f61a02 -> 
  custom:video-encoder-webm-vp8: eb34c28f22e8b96e1ab97ce403110664 -> 
  custom:video-codec-MediaFoundation-h265: 746d11721c4dcdbdad8f713fa42b33f4 -> 
  custom:audio-encoder-webm-vorbis: bf7c407c2cedff20999df2af8eb42d56 -> 
  custom:framework-win-MediaFoundation: 216162199b28c13a410421893ffa2e32 -> 
  custom:container-demuxer-ogg: 62fdf1f143b41e24485cea50d1cbac27 -> 
  custom:video-decoder-webm-vp8: 9c59270c3fd7afecdb556c50c9e8de78 -> 
  custom:audio-decoder-ogg-vorbis: bf7c407c2cedff20999df2af8eb42d56 -> 
========================================================================
Received Import Request.
  Time since last request: 2207.427790 seconds.
  path: Assets/New Terrain 1.asset
  artifactKey: Guid(6118d0630c3fad84eb2c1baf82462faf) Importer(815301076,1909f56bfc062723c751e8b465ee728b)
Start importing Assets/New Terrain 1.asset using Guid(6118d0630c3fad84eb2c1baf82462faf) Importer(815301076,1909f56bfc062723c751e8b465ee728b)  -> (artifact id: '1c08fd29f766c4facd96c94c2b18995c') in 0.064540 seconds 
========================================================================
Received Import Request.
  Time since last request: 29.472509 seconds.
  path: Assets/SummerSunsetEnvironment
  artifactKey: Guid(3abf834f5489cfe4f81b302883ee8993) Importer(815301076,1909f56bfc062723c751e8b465ee728b)
Start importing Assets/SummerSunsetEnvironment using Guid(3abf834f5489cfe4f81b302883ee8993) Importer(815301076,1909f56bfc062723c751e8b465ee728b)  -> (artifact id: '25d7f20dce0c6146a5371b65bc963716') in 0.006234 seconds 
========================================================================
Received Import Request.
  Time since last request: 52.143330 seconds.
  path: Assets/SummerEnvironment
  artifactKey: Guid(3abf834f5489cfe4f81b302883ee8993) Importer(815301076,1909f56bfc062723c751e8b465ee728b)
Start importing Assets/SummerEnvironment using Guid(3abf834f5489cfe4f81b302883ee8993) Importer(815301076,1909f56bfc062723c751e8b465ee728b)  -> (artifact id: 'e0cf0e7802fe13541cf84f8260afeee9') in 0.006601 seconds 
========================================================================
Received Import Request.
  Time since last request: 11.311645 seconds.
  path: Assets/TropicalEnvironment_LITE/Terrain/TE_Lite_Terrain.asset
  artifactKey: Guid(f254063387909f543a0080317d33e58d) Importer(815301076,1909f56bfc062723c751e8b465ee728b)
Start importing Assets/TropicalEnvironment_LITE/Terrain/TE_Lite_Terrain.asset using Guid(f254063387909f543a0080317d33e58d) Importer(815301076,1909f56bfc062723c751e8b465ee728b)  -> (artifact id: '1ad5b8bc3ab665406ce3ffd595bac158') in 0.061176 seconds 
========================================================================
Received Import Request.
  Time since last request: 1.261878 seconds.
  path: Assets/TropicalEnvironment_LITE/Terrain/TerrainLayer
  artifactKey: Guid(fc77cfed4a7c9a94da1cf940217c89d9) Importer(815301076,1909f56bfc062723c751e8b465ee728b)
Start importing Assets/TropicalEnvironment_LITE/Terrain/TerrainLayer using Guid(fc77cfed4a7c9a94da1cf940217c89d9) Importer(815301076,1909f56bfc062723c751e8b465ee728b)  -> (artifact id: '74bdab173b429d1571a1e02c3d4e28a6') in 0.005646 seconds 
========================================================================
Received Import Request.
  Time since last request: 0.072423 seconds.
  path: Assets/TropicalEnvironment_LITE/Terrain/TerrainLayer/Grass_Lite.terrainlayer
  artifactKey: Guid(e0f44849b8579184abc1a4c0038e1545) Importer(815301076,1909f56bfc062723c751e8b465ee728b)
Start importing Assets/TropicalEnvironment_LITE/Terrain/TerrainLayer/Grass_Lite.terrainlayer using Guid(e0f44849b8579184abc1a4c0038e1545) Importer(815301076,1909f56bfc062723c751e8b465ee728b)  -> (artifact id: '0b603897e036f4f4d6a69184cc4003b5') in 0.061026 seconds 
========================================================================
Received Import Request.
  Time since last request: 3.876498 seconds.
  path: Assets/TropicalEnvironment_LITE/Models/Barrel_04.fbx
  artifactKey: Guid(05b8d3faa6a97524ea4a2260b027738f) Importer(815301076,1909f56bfc062723c751e8b465ee728b)
Start importing Assets/TropicalEnvironment_LITE/Models/Barrel_04.fbx using Guid(05b8d3faa6a97524ea4a2260b027738f) Importer(815301076,1909f56bfc062723c751e8b465ee728b)  -> (artifact id: 'cdd661b6c6fdbcd940108331a80fa32c') in 0.174518 seconds 
========================================================================
Received Import Request.
  Time since last request: 0.000024 seconds.
  path: Assets/TropicalEnvironment_LITE/Models/Plant_01.fbx
  artifactKey: Guid(6fe3784b6fa1f4841a127220269aaf6f) Importer(815301076,1909f56bfc062723c751e8b465ee728b)
Start importing Assets/TropicalEnvironment_LITE/Models/Plant_01.fbx using Guid(6fe3784b6fa1f4841a127220269aaf6f) Importer(815301076,1909f56bfc062723c751e8b465ee728b)  -> (artifact id: 'bae99b0f3f7438bfbdda59c8f01fae25') in 0.064116 seconds 
========================================================================
Received Import Request.
  Time since last request: 0.000032 seconds.
  path: Assets/TropicalEnvironment_LITE/Models/PalmTree_05.fbx
  artifactKey: Guid(cfe9405cef691a84bb649ca2d5fbaed2) Importer(815301076,1909f56bfc062723c751e8b465ee728b)
Start importing Assets/TropicalEnvironment_LITE/Models/PalmTree_05.fbx using Guid(cfe9405cef691a84bb649ca2d5fbaed2) Importer(815301076,1909f56bfc062723c751e8b465ee728b)  -> (artifact id: 'fd5b224d1aea114293aadf5fc6e366b9') in 0.047059 seconds 
========================================================================
Received Import Request.
  Time since last request: 0.000020 seconds.
  path: Assets/TropicalEnvironment_LITE/Models/PirateSword_01.fbx
  artifactKey: Guid(83d544c86a936044cbca247beeaa4c1d) Importer(815301076,1909f56bfc062723c751e8b465ee728b)
Start importing Assets/TropicalEnvironment_LITE/Models/PirateSword_01.fbx using Guid(83d544c86a936044cbca247beeaa4c1d) Importer(815301076,1909f56bfc062723c751e8b465ee728b)  -> (artifact id: '8a8ece0d2a37139a38cfa53ade449e40') in 0.040172 seconds 
========================================================================
Received Import Request.
  Time since last request: 0.000017 seconds.
  path: Assets/TropicalEnvironment_LITE/Models/Tent_01.fbx
  artifactKey: Guid(2b422041de3d9304393c67654828ce4e) Importer(815301076,1909f56bfc062723c751e8b465ee728b)
Start importing Assets/TropicalEnvironment_LITE/Models/Tent_01.fbx using Guid(2b422041de3d9304393c67654828ce4e) Importer(815301076,1909f56bfc062723c751e8b465ee728b)  -> (artifact id: 'b3e6bfdfa9aade2d060a919f2a49ae60') in 0.068709 seconds 
========================================================================
Received Import Request.
  Time since last request: 1.281395 seconds.
  path: Assets/TropicalEnvironment_LITE/Materials/TropicalEnvironmentLite_BG.mat
  artifactKey: Guid(b3f65f6ef358d104d8fcad8b2e4ca086) Importer(815301076,1909f56bfc062723c751e8b465ee728b)
Start importing Assets/TropicalEnvironment_LITE/Materials/TropicalEnvironmentLite_BG.mat using Guid(b3f65f6ef358d104d8fcad8b2e4ca086) Importer(815301076,1909f56bfc062723c751e8b465ee728b)  -> (artifact id: '2992bab378c7631dce745772841c0d6d') in 0.037457 seconds 
========================================================================
Received Import Request.
  Time since last request: 0.000036 seconds.
  path: Assets/TropicalEnvironment_LITE/Materials/TropicalEnvironmentLite_Sand 1.mat
  artifactKey: Guid(f36b3eaf3c342494abeff6f4f1d00752) Importer(815301076,1909f56bfc062723c751e8b465ee728b)
Start importing Assets/TropicalEnvironment_LITE/Materials/TropicalEnvironmentLite_Sand 1.mat using Guid(f36b3eaf3c342494abeff6f4f1d00752) Importer(815301076,1909f56bfc062723c751e8b465ee728b)  -> (artifact id: '4d7a6764c99a217a849374435eb2cc4a') in 0.018032 seconds 
========================================================================
Received Import Request.
  Time since last request: 0.000023 seconds.
  path: Assets/TropicalEnvironment_LITE/Materials/TropicalEnvironmentLite_Water.mat
  artifactKey: Guid(555be96f1d043af4e91b0c58b7911767) Importer(815301076,1909f56bfc062723c751e8b465ee728b)
Start importing Assets/TropicalEnvironment_LITE/Materials/TropicalEnvironmentLite_Water.mat using Guid(555be96f1d043af4e91b0c58b7911767) Importer(815301076,1909f56bfc062723c751e8b465ee728b)  -> (artifact id: '9db6d1f7825c3b92f8baa659a2605b68') in 0.014739 seconds 
Editor requested this worker to shutdown with reason: Scaling down because of idle timeout
AssetImportWorker is now disconnected from the server
Process exiting
Exiting without the bug reporter. Application will terminate with return code 0