Using pre-set license
Built from '2021.3/release' branch; Version is '2021.3.17f1 (3e8111cac19d) revision 4096273'; Using compiler version '192829333'; Build Type 'Release'
OS: 'Windows 10  (10.0.19044) 64bit Core' Language: 'da' Physical Memory: 16332 MB
BatchMode: 1, IsHumanControllingUs: 0, StartBugReporterOnCrash: 0, Is64bit: 1, IsPro: 1

COMMAND LINE ARGUMENTS:
C:\Program Files\Unity\Hub\Editor\2021.3.17f1\Editor\Unity.exe
-adb2
-batchMode
-noUpm
-name
AssetImportWorker4
-projectPath
C:/Users/owais/Documents/GitHub/GameDev-Hand-In/HandIn
-logFile
Logs/AssetImportWorker4.log
-srvPort
50175
Successfully changed project path to: C:/Users/owais/Documents/GitHub/GameDev-Hand-In/HandIn
C:/Users/owais/Documents/GitHub/GameDev-Hand-In/HandIn
[UnityMemory] Configuration Parameters - Can be set up in boot.config
    "memorysetup-bucket-allocator-granularity=16"
    "memorysetup-bucket-allocator-bucket-count=8"
    "memorysetup-bucket-allocator-block-size=33554432"
    "memorysetup-bucket-allocator-block-count=8"
    "memorysetup-main-allocator-block-size=16777216"
    "memorysetup-thread-allocator-block-size=16777216"
    "memorysetup-gfx-main-allocator-block-size=16777216"
    "memorysetup-gfx-thread-allocator-block-size=16777216"
    "memorysetup-cache-allocator-block-size=4194304"
    "memorysetup-typetree-allocator-block-size=2097152"
    "memorysetup-profiler-bucket-allocator-granularity=16"
    "memorysetup-profiler-bucket-allocator-bucket-count=8"
    "memorysetup-profiler-bucket-allocator-block-size=33554432"
    "memorysetup-profiler-bucket-allocator-block-count=8"
    "memorysetup-profiler-allocator-block-size=16777216"
    "memorysetup-profiler-editor-allocator-block-size=1048576"
    "memorysetup-temp-allocator-size-main=16777216"
    "memorysetup-job-temp-allocator-block-size=2097152"
    "memorysetup-job-temp-allocator-block-size-background=1048576"
    "memorysetup-job-temp-allocator-reduction-small-platforms=262144"
    "memorysetup-temp-allocator-size-background-worker=32768"
    "memorysetup-temp-allocator-size-job-worker=262144"
    "memorysetup-temp-allocator-size-preload-manager=33554432"
    "memorysetup-temp-allocator-size-nav-mesh-worker=65536"
    "memorysetup-temp-allocator-size-audio-worker=65536"
    "memorysetup-temp-allocator-size-cloud-worker=32768"
    "memorysetup-temp-allocator-size-gi-baking-worker=262144"
    "memorysetup-temp-allocator-size-gfx=262144"
Player connection [15216] Host "[IP] 192.168.87.109 [Port] 0 [Flags] 2 [Guid] 302123429 [EditorId] 302123429 [Version] 1048832 [Id] WindowsEditor(7,DESKTOP-QIVENQ9) [Debug] 1 [PackageName] WindowsEditor [ProjectName] Editor" joined multi-casting on [225.0.0.222:54997]...

Player connection [15216] Host "[IP] 192.168.87.109 [Port] 0 [Flags] 2 [Guid] 302123429 [EditorId] 302123429 [Version] 1048832 [Id] WindowsEditor(7,DESKTOP-QIVENQ9) [Debug] 1 [PackageName] WindowsEditor [ProjectName] Editor" joined alternative multi-casting on [225.0.0.222:34997]...

Refreshing native plugins compatible for Editor in 121.55 ms, found 3 plugins.
Preloading 0 native plugins for Editor in 0.00 ms.
Initialize engine version: 2021.3.17f1 (3e8111cac19d)
[Subsystems] Discovering subsystems at path C:/Program Files/Unity/Hub/Editor/2021.3.17f1/Editor/Data/Resources/UnitySubsystems
[Subsystems] Discovering subsystems at path C:/Users/owais/Documents/GitHub/GameDev-Hand-In/HandIn/Assets
GfxDevice: creating device client; threaded=0; jobified=0
Direct3D:
    Version:  Direct3D 11.0 [level 11.1]
    Renderer: NVIDIA GeForce GTX 1080 Ti (ID=0x1b06)
    Vendor:   NVIDIA
    VRAM:     11120 MB
    Driver:   31.0.15.2756
Initialize mono
Mono path[0] = 'C:/Program Files/Unity/Hub/Editor/2021.3.17f1/Editor/Data/Managed'
Mono path[1] = 'C:/Program Files/Unity/Hub/Editor/2021.3.17f1/Editor/Data/MonoBleedingEdge/lib/mono/unityjit-win32'
Mono config path = 'C:/Program Files/Unity/Hub/Editor/2021.3.17f1/Editor/Data/MonoBleedingEdge/etc'
Using monoOptions --debugger-agent=transport=dt_socket,embedding=1,server=y,suspend=n,address=127.0.0.1:56752
Begin MonoManager ReloadAssembly
Registering precompiled unity dll's ...
Register platform support module: C:/Program Files/Unity/Hub/Editor/2021.3.17f1/Editor/Data/PlaybackEngines/WindowsStandaloneSupport/UnityEditor.WindowsStandalone.Extensions.dll
Registered in 0.005581 seconds.
Native extension for WindowsStandalone target not found
Refreshing native plugins compatible for Editor in 89.76 ms, found 3 plugins.
Preloading 0 native plugins for Editor in 0.00 ms.
Mono: successfully reloaded assembly
- Completed reload, in  0.641 seconds
Domain Reload Profiling:
	ReloadAssembly (641ms)
		BeginReloadAssembly (86ms)
			ExecutionOrderSort (0ms)
			DisableScriptedObjects (0ms)
			BackupInstance (0ms)
			ReleaseScriptingObjects (0ms)
			CreateAndSetChildDomain (1ms)
		EndReloadAssembly (453ms)
			LoadAssemblies (84ms)
			RebuildTransferFunctionScriptingTraits (0ms)
			SetupTypeCache (102ms)
			ReleaseScriptCaches (0ms)
			RebuildScriptCaches (29ms)
			SetupLoadedEditorAssemblies (274ms)
				LogAssemblyErrors (0ms)
				InitializePlatformSupportModulesInManaged (7ms)
				SetLoadedEditorAssemblies (0ms)
				RefreshPlugins (90ms)
				BeforeProcessingInitializeOnLoad (1ms)
				ProcessInitializeOnLoadAttributes (128ms)
				ProcessInitializeOnLoadMethodAttributes (47ms)
				AfterProcessingInitializeOnLoad (0ms)
				EditorAssembliesLoaded (0ms)
			ExecutionOrderSort2 (0ms)
			AwakeInstancesAfterBackupRestoration (0ms)
Platform modules already initialized, skipping
Registering precompiled user dll's ...
Registered in 0.005514 seconds.
Begin MonoManager ReloadAssembly
Symbol file LoadedFromMemory doesn't match image C:\Users\owais\Documents\GitHub\GameDev-Hand-In\HandIn\Library\PackageCache\com.unity.visualscripting@1.8.0\Editor\VisualScripting.Core\Dependencies\YamlDotNet\Unity.VisualScripting.YamlDotNet.dll
Symbol file LoadedFromMemory doesn't match image C:\Users\owais\Documents\GitHub\GameDev-Hand-In\HandIn\Library\PackageCache\com.unity.visualscripting@1.8.0\Editor\VisualScripting.Core\Dependencies\DotNetZip\Unity.VisualScripting.IonicZip.dll
Native extension for WindowsStandalone target not found
Refreshing native plugins compatible for Editor in 0.49 ms, found 3 plugins.
Preloading 0 native plugins for Editor in 0.00 ms.
Mono: successfully reloaded assembly
- Completed reload, in  0.997 seconds
Domain Reload Profiling:
	ReloadAssembly (998ms)
		BeginReloadAssembly (111ms)
			ExecutionOrderSort (0ms)
			DisableScriptedObjects (7ms)
			BackupInstance (0ms)
			ReleaseScriptingObjects (0ms)
			CreateAndSetChildDomain (19ms)
		EndReloadAssembly (776ms)
			LoadAssemblies (86ms)
			RebuildTransferFunctionScriptingTraits (0ms)
			SetupTypeCache (256ms)
			ReleaseScriptCaches (1ms)
			RebuildScriptCaches (47ms)
			SetupLoadedEditorAssemblies (356ms)
				LogAssemblyErrors (0ms)
				InitializePlatformSupportModulesInManaged (5ms)
				SetLoadedEditorAssemblies (1ms)
				RefreshPlugins (1ms)
				BeforeProcessingInitializeOnLoad (87ms)
				ProcessInitializeOnLoadAttributes (226ms)
				ProcessInitializeOnLoadMethodAttributes (30ms)
				AfterProcessingInitializeOnLoad (7ms)
				EditorAssembliesLoaded (0ms)
			ExecutionOrderSort2 (0ms)
			AwakeInstancesAfterBackupRestoration (6ms)
Platform modules already initialized, skipping
========================================================================
Worker process is ready to serve import requests
Launched and connected shader compiler UnityShaderCompiler.exe after 0.05 seconds
Refreshing native plugins compatible for Editor in 0.54 ms, found 3 plugins.
Preloading 0 native plugins for Editor in 0.00 ms.
Unloading 3376 Unused Serialized files (Serialized files now loaded: 0)
Unloading 27 unused Assets / (113.8 KB). Loaded Objects now: 3847.
Memory consumption went from 127.7 MB to 127.6 MB.
Total: 3.047900 ms (FindLiveObjects: 0.259700 ms CreateObjectMapping: 0.235300 ms MarkObjects: 2.445500 ms  DeleteObjects: 0.106600 ms)

AssetImportParameters requested are different than current active one (requested -> active):
  custom:video-decoder-ogg-theora: a1e56fd34408186e4bbccfd4996cb3dc -> 
  custom:container-muxer-webm: aa71ff27fc2769a1b78a27578f13a17b -> 
  custom:container-demuxer-webm: 4f35f7cbe854078d1ac9338744f61a02 -> 
  custom:video-encoder-webm-vp8: eb34c28f22e8b96e1ab97ce403110664 -> 
  custom:video-codec-MediaFoundation-h265: 746d11721c4dcdbdad8f713fa42b33f4 -> 
  custom:audio-encoder-webm-vorbis: bf7c407c2cedff20999df2af8eb42d56 -> 
  custom:framework-win-MediaFoundation: 216162199b28c13a410421893ffa2e32 -> 
  custom:container-demuxer-ogg: 62fdf1f143b41e24485cea50d1cbac27 -> 
  custom:video-decoder-webm-vp8: 9c59270c3fd7afecdb556c50c9e8de78 -> 
  custom:audio-decoder-ogg-vorbis: bf7c407c2cedff20999df2af8eb42d56 -> 
========================================================================
Received Import Request.
  Time since last request: 2575.721185 seconds.
  path: Assets/SummerEnvironment/Park/MainScene.unity
  artifactKey: Guid(b88abed51b2d2454abab3ce71c0b5875) Importer(815301076,1909f56bfc062723c751e8b465ee728b)
Start importing Assets/SummerEnvironment/Park/MainScene.unity using Guid(b88abed51b2d2454abab3ce71c0b5875) Importer(815301076,1909f56bfc062723c751e8b465ee728b)  -> (artifact id: '94f296e6baa864d33d829eff891b551e') in 0.013537 seconds 
========================================================================
Received Import Request.
  Time since last request: 20.203035 seconds.
  path: Assets/SummerEnvironment/Park/Prefabs
  artifactKey: Guid(86d92b6605740d1418c369af9d4f69e6) Importer(815301076,1909f56bfc062723c751e8b465ee728b)
Start importing Assets/SummerEnvironment/Park/Prefabs using Guid(86d92b6605740d1418c369af9d4f69e6) Importer(815301076,1909f56bfc062723c751e8b465ee728b)  -> (artifact id: '989d2e0968ed16f2f7b678a3529ba6ab') in 0.002085 seconds 
========================================================================
Received Import Request.
  Time since last request: 0.087165 seconds.
  path: Assets/SummerEnvironment/Park/Prefabs/Bench.prefab
  artifactKey: Guid(ccf13c7381ca25349b107bbb9423e1bd) Importer(815301076,1909f56bfc062723c751e8b465ee728b)
Start importing Assets/SummerEnvironment/Park/Prefabs/Bench.prefab using Guid(ccf13c7381ca25349b107bbb9423e1bd) Importer(815301076,1909f56bfc062723c751e8b465ee728b)  -> (artifact id: 'c1ed491ce4d30581b3330cf22c5db03e') in 0.420440 seconds 
========================================================================
Received Import Request.
  Time since last request: 0.000028 seconds.
  path: Assets/SummerEnvironment/Park/Prefabs/Fountain_1.prefab
  artifactKey: Guid(dd407b8b12f4ae245b5d40058a3d72d8) Importer(815301076,1909f56bfc062723c751e8b465ee728b)
Start importing Assets/SummerEnvironment/Park/Prefabs/Fountain_1.prefab using Guid(dd407b8b12f4ae245b5d40058a3d72d8) Importer(815301076,1909f56bfc062723c751e8b465ee728b)  -> (artifact id: '1356bde66d327da94c38e3c341fe1d4d') in 0.030055 seconds 
========================================================================
Received Import Request.
  Time since last request: 0.000045 seconds.
  path: Assets/SummerEnvironment/Park/Prefabs/Flowers.prefab
  artifactKey: Guid(0c453cc4f0f09864eaafd0e509aad730) Importer(815301076,1909f56bfc062723c751e8b465ee728b)
Start importing Assets/SummerEnvironment/Park/Prefabs/Flowers.prefab using Guid(0c453cc4f0f09864eaafd0e509aad730) Importer(815301076,1909f56bfc062723c751e8b465ee728b)  -> (artifact id: '4c2ae60f5b5e6e6bdbba98a47f1ae859') in 0.041605 seconds 
========================================================================
Received Import Request.
  Time since last request: 0.000025 seconds.
  path: Assets/SummerEnvironment/Park/Prefabs/Bush.prefab
  artifactKey: Guid(7712ec26597e75f4f9325357eefd61d4) Importer(815301076,1909f56bfc062723c751e8b465ee728b)
Start importing Assets/SummerEnvironment/Park/Prefabs/Bush.prefab using Guid(7712ec26597e75f4f9325357eefd61d4) Importer(815301076,1909f56bfc062723c751e8b465ee728b)  -> (artifact id: '5031a565de1e11c7da7cea5e7164316d') in 0.020374 seconds 
========================================================================
Received Import Request.
  Time since last request: 0.000023 seconds.
  path: Assets/SummerEnvironment/Park/Prefabs/Fence_0.prefab
  artifactKey: Guid(a5eed1cf4e0dbcb44a9092a7ba5e87c7) Importer(815301076,1909f56bfc062723c751e8b465ee728b)
Start importing Assets/SummerEnvironment/Park/Prefabs/Fence_0.prefab using Guid(a5eed1cf4e0dbcb44a9092a7ba5e87c7) Importer(815301076,1909f56bfc062723c751e8b465ee728b)  -> (artifact id: 'ff28f1a8630678ef148f9e80c43919ea') in 0.017202 seconds 
========================================================================
Received Import Request.
  Time since last request: 0.000031 seconds.
  path: Assets/SummerEnvironment/Park/Prefabs/GrassTile.prefab
  artifactKey: Guid(96b62898125915e4892dc72bd9f4e420) Importer(815301076,1909f56bfc062723c751e8b465ee728b)
Start importing Assets/SummerEnvironment/Park/Prefabs/GrassTile.prefab using Guid(96b62898125915e4892dc72bd9f4e420) Importer(815301076,1909f56bfc062723c751e8b465ee728b)  -> (artifact id: '768fd57f85b6c00c428671f9206cd13e') in 0.014317 seconds 
========================================================================
Received Import Request.
  Time since last request: 0.570409 seconds.
  path: Assets/SummerEnvironment/Park/Prefabs/Hovel_Green.prefab
  artifactKey: Guid(b8f2804faabf68e449f70316b2e677ea) Importer(815301076,1909f56bfc062723c751e8b465ee728b)
Start importing Assets/SummerEnvironment/Park/Prefabs/Hovel_Green.prefab using Guid(b8f2804faabf68e449f70316b2e677ea) Importer(815301076,1909f56bfc062723c751e8b465ee728b)  -> (artifact id: 'ce02022cdd56b0521c6806340b9d7a22') in 0.016886 seconds 
========================================================================
Received Import Request.
  Time since last request: 0.000021 seconds.
  path: Assets/SummerEnvironment/Park/Prefabs/Lamp.prefab
  artifactKey: Guid(4eef6f5ff5915b4458bd1d4a4f7b261a) Importer(815301076,1909f56bfc062723c751e8b465ee728b)
Start importing Assets/SummerEnvironment/Park/Prefabs/Lamp.prefab using Guid(4eef6f5ff5915b4458bd1d4a4f7b261a) Importer(815301076,1909f56bfc062723c751e8b465ee728b)  -> (artifact id: 'afab47ef730a43fb0eaa98ab36378c7a') in 0.017913 seconds 
========================================================================
Received Import Request.
  Time since last request: 0.000025 seconds.
  path: Assets/SummerEnvironment/Park/Prefabs/Tile_Area2.prefab
  artifactKey: Guid(c452498b6d5c5d44397ef9fae1436b07) Importer(815301076,1909f56bfc062723c751e8b465ee728b)
Start importing Assets/SummerEnvironment/Park/Prefabs/Tile_Area2.prefab using Guid(c452498b6d5c5d44397ef9fae1436b07) Importer(815301076,1909f56bfc062723c751e8b465ee728b)  -> (artifact id: 'f7d0d2e57b65f7b12c3f07d918998877') in 0.015901 seconds 
========================================================================
Received Import Request.
  Time since last request: 0.000024 seconds.
  path: Assets/SummerEnvironment/Park/Prefabs/Tole_Med.prefab
  artifactKey: Guid(2b0703e911f6adf4a8d19c5a96324b2a) Importer(815301076,1909f56bfc062723c751e8b465ee728b)
Start importing Assets/SummerEnvironment/Park/Prefabs/Tole_Med.prefab using Guid(2b0703e911f6adf4a8d19c5a96324b2a) Importer(815301076,1909f56bfc062723c751e8b465ee728b)  -> (artifact id: 'f527ab69b56b8f83fc6d8b9ab98fcc97') in 0.016575 seconds 
========================================================================
Received Import Request.
  Time since last request: 0.000028 seconds.
  path: Assets/SummerEnvironment/Park/Prefabs/Tree_4.prefab
  artifactKey: Guid(db9e8f7bc8c5778479ddc55486de4558) Importer(815301076,1909f56bfc062723c751e8b465ee728b)
Start importing Assets/SummerEnvironment/Park/Prefabs/Tree_4.prefab using Guid(db9e8f7bc8c5778479ddc55486de4558) Importer(815301076,1909f56bfc062723c751e8b465ee728b)  -> (artifact id: '6aee4aae06af5444b45684589d88127d') in 0.016552 seconds 
========================================================================
Received Import Request.
  Time since last request: 0.000029 seconds.
  path: Assets/SummerEnvironment/Park/Prefabs/Tree_3.prefab
  artifactKey: Guid(c8a2cf893b362b14784799d9219265da) Importer(815301076,1909f56bfc062723c751e8b465ee728b)
Start importing Assets/SummerEnvironment/Park/Prefabs/Tree_3.prefab using Guid(c8a2cf893b362b14784799d9219265da) Importer(815301076,1909f56bfc062723c751e8b465ee728b)  -> (artifact id: 'd8835909268693c4f40bfd3a9ef844ee') in 0.015359 seconds 
========================================================================
Received Import Request.
  Time since last request: 0.000029 seconds.
  path: Assets/SummerEnvironment/Park/Prefabs/Tree_3_Autumn.prefab
  artifactKey: Guid(57055804781fa4347b667ebf0a73f239) Importer(815301076,1909f56bfc062723c751e8b465ee728b)
Start importing Assets/SummerEnvironment/Park/Prefabs/Tree_3_Autumn.prefab using Guid(57055804781fa4347b667ebf0a73f239) Importer(815301076,1909f56bfc062723c751e8b465ee728b)  -> (artifact id: '1bb1e5d1787b64dc8adb41a0d9be0e76') in 0.016872 seconds 
========================================================================
Received Import Request.
  Time since last request: 0.000037 seconds.
  path: Assets/SummerEnvironment/Park/Prefabs/Rock.prefab
  artifactKey: Guid(568b15b1fe7027049b35d9c4fbe502ba) Importer(815301076,1909f56bfc062723c751e8b465ee728b)
Start importing Assets/SummerEnvironment/Park/Prefabs/Rock.prefab using Guid(568b15b1fe7027049b35d9c4fbe502ba) Importer(815301076,1909f56bfc062723c751e8b465ee728b)  -> (artifact id: '133e76b3fc6691939879417fdeaba654') in 0.016531 seconds 
========================================================================
Received Import Request.
  Time since last request: 0.000031 seconds.
  path: Assets/SummerEnvironment/Park/Prefabs/Tile_Corner.prefab
  artifactKey: Guid(27a848aa48d18424ca2240da6b86f5b6) Importer(815301076,1909f56bfc062723c751e8b465ee728b)
Start importing Assets/SummerEnvironment/Park/Prefabs/Tile_Corner.prefab using Guid(27a848aa48d18424ca2240da6b86f5b6) Importer(815301076,1909f56bfc062723c751e8b465ee728b)  -> (artifact id: 'b425c6f32c6efd2b68f04816c5676282') in 0.017583 seconds 
========================================================================
Received Import Request.
  Time since last request: 0.000030 seconds.
  path: Assets/SummerEnvironment/Park/Prefabs/Tree_4_Autumn.prefab
  artifactKey: Guid(bcc0a35f1415b2745a222e14393d4318) Importer(815301076,1909f56bfc062723c751e8b465ee728b)
Start importing Assets/SummerEnvironment/Park/Prefabs/Tree_4_Autumn.prefab using Guid(bcc0a35f1415b2745a222e14393d4318) Importer(815301076,1909f56bfc062723c751e8b465ee728b)  -> (artifact id: '1bca3265c1174ed933f47161686ae758') in 0.018801 seconds 
========================================================================
Received Import Request.
  Time since last request: 0.000028 seconds.
  path: Assets/SummerEnvironment/Park/Prefabs/Trassh Bin.prefab
  artifactKey: Guid(00d08a984a77d7e43b1a3547211f47d5) Importer(815301076,1909f56bfc062723c751e8b465ee728b)
Start importing Assets/SummerEnvironment/Park/Prefabs/Trassh Bin.prefab using Guid(00d08a984a77d7e43b1a3547211f47d5) Importer(815301076,1909f56bfc062723c751e8b465ee728b)  -> (artifact id: 'aae7cf7a34c0dccb6a4939606c525e31') in 0.018128 seconds 
========================================================================
Received Import Request.
  Time since last request: 0.000033 seconds.
  path: Assets/SummerEnvironment/Park/Prefabs/Wooden Bridge.prefab
  artifactKey: Guid(9ec1901049795e04face0066f4588247) Importer(815301076,1909f56bfc062723c751e8b465ee728b)
Start importing Assets/SummerEnvironment/Park/Prefabs/Wooden Bridge.prefab using Guid(9ec1901049795e04face0066f4588247) Importer(815301076,1909f56bfc062723c751e8b465ee728b)  -> (artifact id: '4a88d2226fdee31eeabb012a9b1fe406') in 0.017458 seconds 
========================================================================
Received Import Request.
  Time since last request: 0.000034 seconds.
  path: Assets/SummerEnvironment/Park/Prefabs/Tree_5.prefab
  artifactKey: Guid(26fc1249dca85ed45b0a2b054cd51e31) Importer(815301076,1909f56bfc062723c751e8b465ee728b)
Start importing Assets/SummerEnvironment/Park/Prefabs/Tree_5.prefab using Guid(26fc1249dca85ed45b0a2b054cd51e31) Importer(815301076,1909f56bfc062723c751e8b465ee728b)  -> (artifact id: '3fb6b7c7e343ed09e9281a975de3ddea') in 0.018265 seconds 
========================================================================
Received Import Request.
  Time since last request: 6.939929 seconds.
  path: Assets/SummerEnvironment/Park/Models/NaturePark Hovels.fbx
  artifactKey: Guid(92bad9ac7bb39fa4d9ce8fc2d181f64f) Importer(815301076,1909f56bfc062723c751e8b465ee728b)
Start importing Assets/SummerEnvironment/Park/Models/NaturePark Hovels.fbx using Guid(92bad9ac7bb39fa4d9ce8fc2d181f64f) Importer(815301076,1909f56bfc062723c751e8b465ee728b)  -> (artifact id: '62afa5b9db7913e78cf48be827fed984') in 0.055948 seconds 
========================================================================
Received Import Request.
  Time since last request: 0.499420 seconds.
  path: Assets/SummerEnvironment/Park/Materials/Illumin.mat
  artifactKey: Guid(cb62a2f3f8a601349b8adedf4d160eb0) Importer(815301076,1909f56bfc062723c751e8b465ee728b)
Start importing Assets/SummerEnvironment/Park/Materials/Illumin.mat using Guid(cb62a2f3f8a601349b8adedf4d160eb0) Importer(815301076,1909f56bfc062723c751e8b465ee728b)  -> (artifact id: 'fbaf2fcef57e99213ed4568d072af9c3') in 0.029124 seconds 
========================================================================
Received Import Request.
  Time since last request: 9.209143 seconds.
  path: Assets/SummerEnvironment/Park/MainSceneSettings.lighting
  artifactKey: Guid(0a420ff7598ced6489611e58c68f6193) Importer(815301076,1909f56bfc062723c751e8b465ee728b)
Start importing Assets/SummerEnvironment/Park/MainSceneSettings.lighting using Guid(0a420ff7598ced6489611e58c68f6193) Importer(815301076,1909f56bfc062723c751e8b465ee728b) LightingSettings: switching bake backend from 1 to 0.
 -> (artifact id: '33a6dcbabc73061421912af66bd2678a') in 0.007400 seconds 
========================================================================
Received Import Request.
  Time since last request: 63.202128 seconds.
  path: Assets/Scenes/SampleScene.unity
  artifactKey: Guid(9fc0d4010bbf28b4594072e72b8655ab) Importer(815301076,1909f56bfc062723c751e8b465ee728b)
Start importing Assets/Scenes/SampleScene.unity using Guid(9fc0d4010bbf28b4594072e72b8655ab) Importer(815301076,1909f56bfc062723c751e8b465ee728b)  -> (artifact id: 'bc558997a759f4f630da57c0853adf2f') in 0.005936 seconds 
========================================================================
Received Import Request.
  Time since last request: 94.532439 seconds.
  path: Assets/SummerEnvironment/Park/Materials
  artifactKey: Guid(35982127e62fb4741813311498c378b6) Importer(815301076,1909f56bfc062723c751e8b465ee728b)
Start importing Assets/SummerEnvironment/Park/Materials using Guid(35982127e62fb4741813311498c378b6) Importer(815301076,1909f56bfc062723c751e8b465ee728b)  -> (artifact id: '34c2c8e9f6d56de0a46f44cec6fec5a5') in 0.006926 seconds 
========================================================================
Received Import Request.
  Time since last request: 0.572045 seconds.
  path: Assets/SummerEnvironment/Park/Models
  artifactKey: Guid(19dd8f9446f5ae747bdd5111d228c6b9) Importer(815301076,1909f56bfc062723c751e8b465ee728b)
Start importing Assets/SummerEnvironment/Park/Models using Guid(19dd8f9446f5ae747bdd5111d228c6b9) Importer(815301076,1909f56bfc062723c751e8b465ee728b)  -> (artifact id: '89addb82e4a58f4304cf970faef45b0d') in 0.006248 seconds 
========================================================================
Received Import Request.
  Time since last request: 58.961619 seconds.
  path: Assets/SummerEnvironment/Park/Models/NaturePark Hovels.fbx
  artifactKey: Guid(92bad9ac7bb39fa4d9ce8fc2d181f64f) Importer(815301076,1909f56bfc062723c751e8b465ee728b)
Start importing Assets/SummerEnvironment/Park/Models/NaturePark Hovels.fbx using Guid(92bad9ac7bb39fa4d9ce8fc2d181f64f) Importer(815301076,1909f56bfc062723c751e8b465ee728b)  -> (artifact id: '5ca81ef8bc678286b00573516cc27a20') in 0.040123 seconds 
========================================================================
Received Import Request.
  Time since last request: 0.000017 seconds.
  path: Assets/SummerEnvironment/Park/Models/NatureParkAutumn.fbx
  artifactKey: Guid(43fd3e8d43e912548876e99850c753fc) Importer(815301076,1909f56bfc062723c751e8b465ee728b)
Start importing Assets/SummerEnvironment/Park/Models/NatureParkAutumn.fbx using Guid(43fd3e8d43e912548876e99850c753fc) Importer(815301076,1909f56bfc062723c751e8b465ee728b)  -> (artifact id: '02bd22113b399de84e7c9a4d7ca8ad61') in 0.060212 seconds 
========================================================================
Received Import Request.
  Time since last request: 123.321082 seconds.
  path: Assets/SummerEnvironment/LowpolyVegetationPackFree/Readme.txt
  artifactKey: Guid(4ae393641951f004b9a1b923f1ba6729) Importer(815301076,1909f56bfc062723c751e8b465ee728b)
Start importing Assets/SummerEnvironment/LowpolyVegetationPackFree/Readme.txt using Guid(4ae393641951f004b9a1b923f1ba6729) Importer(815301076,1909f56bfc062723c751e8b465ee728b)  -> (artifact id: 'fd23be70e9bd10d15edc1cc32cb9629b') in 0.019372 seconds 
========================================================================
Received Import Request.
  Time since last request: 10.748190 seconds.
  path: Assets/SummerEnvironment/LowpolyVegetationPackFree/Prefabs/Apple.prefab
  artifactKey: Guid(7b008d3317859a847b83f2613744530b) Importer(815301076,1909f56bfc062723c751e8b465ee728b)
Start importing Assets/SummerEnvironment/LowpolyVegetationPackFree/Prefabs/Apple.prefab using Guid(7b008d3317859a847b83f2613744530b) Importer(815301076,1909f56bfc062723c751e8b465ee728b)  -> (artifact id: '0786dd8d2c437753594056de4b68df73') in 0.022686 seconds 
========================================================================
Received Import Request.
  Time since last request: 0.000031 seconds.
  path: Assets/SummerEnvironment/LowpolyVegetationPackFree/Prefabs/Shrub_18.prefab
  artifactKey: Guid(85d0dccb426028947bcac0bf4729cb6c) Importer(815301076,1909f56bfc062723c751e8b465ee728b)
Start importing Assets/SummerEnvironment/LowpolyVegetationPackFree/Prefabs/Shrub_18.prefab using Guid(85d0dccb426028947bcac0bf4729cb6c) Importer(815301076,1909f56bfc062723c751e8b465ee728b)  -> (artifact id: '0d134492108b9a8c35be300f8582c787') in 0.017208 seconds 
========================================================================
Received Import Request.
  Time since last request: 0.000023 seconds.
  path: Assets/SummerEnvironment/LowpolyVegetationPackFree/Prefabs/Carrot.prefab
  artifactKey: Guid(7d778c6a61935e74393cd80fa8335495) Importer(815301076,1909f56bfc062723c751e8b465ee728b)
Start importing Assets/SummerEnvironment/LowpolyVegetationPackFree/Prefabs/Carrot.prefab using Guid(7d778c6a61935e74393cd80fa8335495) Importer(815301076,1909f56bfc062723c751e8b465ee728b)  -> (artifact id: 'a26b2a42599c80ea409f210f1fdad8f5') in 0.019875 seconds 
========================================================================
Received Import Request.
  Time since last request: 0.000030 seconds.
  path: Assets/SummerEnvironment/LowpolyVegetationPackFree/Prefabs/Grass3D_08.prefab
  artifactKey: Guid(4c780dab19a7e34419d3da69a409ec7e) Importer(815301076,1909f56bfc062723c751e8b465ee728b)
Start importing Assets/SummerEnvironment/LowpolyVegetationPackFree/Prefabs/Grass3D_08.prefab using Guid(4c780dab19a7e34419d3da69a409ec7e) Importer(815301076,1909f56bfc062723c751e8b465ee728b)  -> (artifact id: '3c740370caa557a5054154801561f9cf') in 0.015980 seconds 
========================================================================
Received Import Request.
  Time since last request: 0.000031 seconds.
  path: Assets/SummerEnvironment/LowpolyVegetationPackFree/Prefabs/Corn.prefab
  artifactKey: Guid(4106696a93ada1946984a959b5f7d02f) Importer(815301076,1909f56bfc062723c751e8b465ee728b)
Start importing Assets/SummerEnvironment/LowpolyVegetationPackFree/Prefabs/Corn.prefab using Guid(4106696a93ada1946984a959b5f7d02f) Importer(815301076,1909f56bfc062723c751e8b465ee728b)  -> (artifact id: 'e0b0f2cdfcfd6d1a935093a118917b76') in 0.017147 seconds 
========================================================================
Received Import Request.
  Time since last request: 0.000029 seconds.
  path: Assets/SummerEnvironment/LowpolyVegetationPackFree/Prefabs/FirTree_02.prefab
  artifactKey: Guid(d59133509f424e849b6d63b76ed0cad2) Importer(815301076,1909f56bfc062723c751e8b465ee728b)
Start importing Assets/SummerEnvironment/LowpolyVegetationPackFree/Prefabs/FirTree_02.prefab using Guid(d59133509f424e849b6d63b76ed0cad2) Importer(815301076,1909f56bfc062723c751e8b465ee728b)  -> (artifact id: 'e61e7187df16818fd171ad6770274dc2') in 0.017304 seconds 
========================================================================
Received Import Request.
  Time since last request: 0.000029 seconds.
  path: Assets/SummerEnvironment/LowpolyVegetationPackFree/Prefabs/Terrain_02.prefab
  artifactKey: Guid(44a93fec55b694342847efc8ce1a73da) Importer(815301076,1909f56bfc062723c751e8b465ee728b)
Start importing Assets/SummerEnvironment/LowpolyVegetationPackFree/Prefabs/Terrain_02.prefab using Guid(44a93fec55b694342847efc8ce1a73da) Importer(815301076,1909f56bfc062723c751e8b465ee728b)  -> (artifact id: '093838ebe1bcaa7d74ab5608528d8e01') in 0.015666 seconds 
========================================================================
Received Import Request.
  Time since last request: 0.000044 seconds.
  path: Assets/SummerEnvironment/LowpolyVegetationPackFree/Prefabs/TreeType2_06.prefab
  artifactKey: Guid(7572b8494dca61844ae502ca4d47915f) Importer(815301076,1909f56bfc062723c751e8b465ee728b)
Start importing Assets/SummerEnvironment/LowpolyVegetationPackFree/Prefabs/TreeType2_06.prefab using Guid(7572b8494dca61844ae502ca4d47915f) Importer(815301076,1909f56bfc062723c751e8b465ee728b)  -> (artifact id: '69c31f921e59ec0ddcb2d11af9c184df') in 0.014247 seconds 
========================================================================
Received Import Request.
  Time since last request: 0.000033 seconds.
  path: Assets/SummerEnvironment/LowpolyVegetationPackFree/Prefabs/Stump_03.prefab
  artifactKey: Guid(61c514000f4738f4ca05258453cb351e) Importer(815301076,1909f56bfc062723c751e8b465ee728b)
Start importing Assets/SummerEnvironment/LowpolyVegetationPackFree/Prefabs/Stump_03.prefab using Guid(61c514000f4738f4ca05258453cb351e) Importer(815301076,1909f56bfc062723c751e8b465ee728b)  -> (artifact id: '595eb3a43ee799e109bcc6e1cfeeee89') in 0.015649 seconds 
========================================================================
Received Import Request.
  Time since last request: 0.000031 seconds.
  path: Assets/SummerEnvironment/LowpolyVegetationPackFree/Prefabs/Grass3D_10.prefab
  artifactKey: Guid(35047f5db11d8804f941830d7855dcf9) Importer(815301076,1909f56bfc062723c751e8b465ee728b)
Start importing Assets/SummerEnvironment/LowpolyVegetationPackFree/Prefabs/Grass3D_10.prefab using Guid(35047f5db11d8804f941830d7855dcf9) Importer(815301076,1909f56bfc062723c751e8b465ee728b)  -> (artifact id: '2b670d2548114943ac952b096fa9bf40') in 0.016437 seconds 
========================================================================
Received Import Request.
  Time since last request: 0.000022 seconds.
  path: Assets/SummerEnvironment/LowpolyVegetationPackFree/Prefabs/Shrub_03.prefab
  artifactKey: Guid(49b0362a631aa79468a77f04e9cdc298) Importer(815301076,1909f56bfc062723c751e8b465ee728b)
Start importing Assets/SummerEnvironment/LowpolyVegetationPackFree/Prefabs/Shrub_03.prefab using Guid(49b0362a631aa79468a77f04e9cdc298) Importer(815301076,1909f56bfc062723c751e8b465ee728b)  -> (artifact id: '62316c256743dc7e04dda7efaedf89ba') in 0.015209 seconds 
========================================================================
Received Import Request.
  Time since last request: 0.000021 seconds.
  path: Assets/SummerEnvironment/LowpolyVegetationPackFree/Prefabs/Branch_5.prefab
  artifactKey: Guid(f89cb707cc080fe4f93109b17f751eb0) Importer(815301076,1909f56bfc062723c751e8b465ee728b)
Start importing Assets/SummerEnvironment/LowpolyVegetationPackFree/Prefabs/Branch_5.prefab using Guid(f89cb707cc080fe4f93109b17f751eb0) Importer(815301076,1909f56bfc062723c751e8b465ee728b)  -> (artifact id: '58a61da333b3dc14f6a41d4521dca65a') in 0.018339 seconds 
========================================================================
Received Import Request.
  Time since last request: 1.053573 seconds.
  path: Assets/SummerEnvironment/LowpolyVegetationPackFree/Materials/PalettesVegetationPackFree.mat
  artifactKey: Guid(05244cd1770371546991e982a45ce03e) Importer(815301076,1909f56bfc062723c751e8b465ee728b)
Start importing Assets/SummerEnvironment/LowpolyVegetationPackFree/Materials/PalettesVegetationPackFree.mat using Guid(05244cd1770371546991e982a45ce03e) Importer(815301076,1909f56bfc062723c751e8b465ee728b)  -> (artifact id: 'ac94b839011d1ad1d99c2ff6683acc06') in 0.013839 seconds 
========================================================================
Received Import Request.
  Time since last request: 1.507100 seconds.
  path: Assets/SummerEnvironment/LowpolyVegetationPackFree/Modeles/Apple.fbx
  artifactKey: Guid(c3686f0362ff5274f98a3f2baf781da8) Importer(815301076,1909f56bfc062723c751e8b465ee728b)
Start importing Assets/SummerEnvironment/LowpolyVegetationPackFree/Modeles/Apple.fbx using Guid(c3686f0362ff5274f98a3f2baf781da8) Importer(815301076,1909f56bfc062723c751e8b465ee728b)  -> (artifact id: '984daae003a26c423c5b26f19092c323') in 0.014145 seconds 
========================================================================
Received Import Request.
  Time since last request: 0.000017 seconds.
  path: Assets/SummerEnvironment/LowpolyVegetationPackFree/Modeles/TreeType1_07.fbx
  artifactKey: Guid(16c76b630cd3d70498dc4648690ec093) Importer(815301076,1909f56bfc062723c751e8b465ee728b)
Start importing Assets/SummerEnvironment/LowpolyVegetationPackFree/Modeles/TreeType1_07.fbx using Guid(16c76b630cd3d70498dc4648690ec093) Importer(815301076,1909f56bfc062723c751e8b465ee728b)  -> (artifact id: '7a351c89db07fe9fb2237b760a59ac9d') in 0.016378 seconds 
========================================================================
Received Import Request.
  Time since last request: 0.000059 seconds.
  path: Assets/SummerEnvironment/LowpolyVegetationPackFree/Modeles/Stone_3.fbx
  artifactKey: Guid(f95d237e2f8b70740a94ce53107719d4) Importer(815301076,1909f56bfc062723c751e8b465ee728b)
Start importing Assets/SummerEnvironment/LowpolyVegetationPackFree/Modeles/Stone_3.fbx using Guid(f95d237e2f8b70740a94ce53107719d4) Importer(815301076,1909f56bfc062723c751e8b465ee728b)  -> (artifact id: 'd80ec13e8a7bb70d3c66f5337d36711a') in 0.017742 seconds 
========================================================================
Received Import Request.
  Time since last request: 0.000036 seconds.
  path: Assets/SummerEnvironment/LowpolyVegetationPackFree/Modeles/Terrain_02.fbx
  artifactKey: Guid(b4d813fcda08d534a8767babe46e3c1d) Importer(815301076,1909f56bfc062723c751e8b465ee728b)
Start importing Assets/SummerEnvironment/LowpolyVegetationPackFree/Modeles/Terrain_02.fbx using Guid(b4d813fcda08d534a8767babe46e3c1d) Importer(815301076,1909f56bfc062723c751e8b465ee728b)  -> (artifact id: '385fbe51d39091842fd19bcd05fba6d3') in 0.017411 seconds 
========================================================================
Received Import Request.
  Time since last request: 0.000023 seconds.
  path: Assets/SummerEnvironment/LowpolyVegetationPackFree/Modeles/Shrub_03.fbx
  artifactKey: Guid(9e21394f98749ea44bcb9265994a61bd) Importer(815301076,1909f56bfc062723c751e8b465ee728b)
Start importing Assets/SummerEnvironment/LowpolyVegetationPackFree/Modeles/Shrub_03.fbx using Guid(9e21394f98749ea44bcb9265994a61bd) Importer(815301076,1909f56bfc062723c751e8b465ee728b)  -> (artifact id: 'fd3736616db643ccaa35837e877b210f') in 0.016961 seconds 
========================================================================
Received Import Request.
  Time since last request: 0.000026 seconds.
  path: Assets/SummerEnvironment/LowpolyVegetationPackFree/Modeles/DeadTree_08.fbx
  artifactKey: Guid(a33de129d26096e4c9130d818fd7a77c) Importer(815301076,1909f56bfc062723c751e8b465ee728b)
Start importing Assets/SummerEnvironment/LowpolyVegetationPackFree/Modeles/DeadTree_08.fbx using Guid(a33de129d26096e4c9130d818fd7a77c) Importer(815301076,1909f56bfc062723c751e8b465ee728b)  -> (artifact id: '1288c84b11b078abd2ff602ca50b1d08') in 0.016872 seconds 
========================================================================
Received Import Request.
  Time since last request: 0.000033 seconds.
  path: Assets/SummerEnvironment/LowpolyVegetationPackFree/Modeles/Cactus_4.fbx
  artifactKey: Guid(d3656fa8ed856744c8fec90854b6c907) Importer(815301076,1909f56bfc062723c751e8b465ee728b)
Start importing Assets/SummerEnvironment/LowpolyVegetationPackFree/Modeles/Cactus_4.fbx using Guid(d3656fa8ed856744c8fec90854b6c907) Importer(815301076,1909f56bfc062723c751e8b465ee728b)  -> (artifact id: '5cfa1f6e710a170a4153a07908d67af0') in 0.017500 seconds 
========================================================================
Received Import Request.
  Time since last request: 0.000027 seconds.
  path: Assets/SummerEnvironment/LowpolyVegetationPackFree/Modeles/Corn.fbx
  artifactKey: Guid(b73357a706ca24143b394f115a796cbc) Importer(815301076,1909f56bfc062723c751e8b465ee728b)
Start importing Assets/SummerEnvironment/LowpolyVegetationPackFree/Modeles/Corn.fbx using Guid(b73357a706ca24143b394f115a796cbc) Importer(815301076,1909f56bfc062723c751e8b465ee728b)  -> (artifact id: '068ba2209263ec6c39f06f87efefc11d') in 0.016468 seconds 
========================================================================
Received Import Request.
  Time since last request: 0.000021 seconds.
  path: Assets/SummerEnvironment/LowpolyVegetationPackFree/Modeles/Carrot.fbx
  artifactKey: Guid(4e0f64d8c8bcb4346ab30955b2d8f12a) Importer(815301076,1909f56bfc062723c751e8b465ee728b)
Start importing Assets/SummerEnvironment/LowpolyVegetationPackFree/Modeles/Carrot.fbx using Guid(4e0f64d8c8bcb4346ab30955b2d8f12a) Importer(815301076,1909f56bfc062723c751e8b465ee728b)  -> (artifact id: 'ef389769a6aa54140d6390e375bae6d8') in 0.016909 seconds 
========================================================================
Received Import Request.
  Time since last request: 0.000032 seconds.
  path: Assets/SummerEnvironment/LowpolyVegetationPackFree/Modeles/Cloud_3.fbx
  artifactKey: Guid(051ce6c669ebc7647b562ee9c32d2ef0) Importer(815301076,1909f56bfc062723c751e8b465ee728b)
Start importing Assets/SummerEnvironment/LowpolyVegetationPackFree/Modeles/Cloud_3.fbx using Guid(051ce6c669ebc7647b562ee9c32d2ef0) Importer(815301076,1909f56bfc062723c751e8b465ee728b)  -> (artifact id: 'fddbf3f9c341b2ccbd408302e3237e69') in 0.026952 seconds 
========================================================================
Received Import Request.
  Time since last request: 0.000035 seconds.
  path: Assets/SummerEnvironment/LowpolyVegetationPackFree/Modeles/MushroomType1_3.fbx
  artifactKey: Guid(ae249015df084d24d91ca7f1fadc7bf1) Importer(815301076,1909f56bfc062723c751e8b465ee728b)
Start importing Assets/SummerEnvironment/LowpolyVegetationPackFree/Modeles/MushroomType1_3.fbx using Guid(ae249015df084d24d91ca7f1fadc7bf1) Importer(815301076,1909f56bfc062723c751e8b465ee728b)  -> (artifact id: 'd0520be5cd3f863900700f103b1ef138') in 0.015861 seconds 
========================================================================
Received Import Request.
  Time since last request: 0.000019 seconds.
  path: Assets/SummerEnvironment/LowpolyVegetationPackFree/Modeles/TreeType2_06.fbx
  artifactKey: Guid(9da7da74353934d45a87d23591c51c1f) Importer(815301076,1909f56bfc062723c751e8b465ee728b)
Start importing Assets/SummerEnvironment/LowpolyVegetationPackFree/Modeles/TreeType2_06.fbx using Guid(9da7da74353934d45a87d23591c51c1f) Importer(815301076,1909f56bfc062723c751e8b465ee728b)  -> (artifact id: '1984dec98aa9257278f934cc81abdd00') in 0.014349 seconds 
========================================================================
Received Import Request.
  Time since last request: 1.971905 seconds.
  path: Assets/SummerEnvironment/LowpolyVegetationPackFree/Textures/PalettesVegetationPackFree.psd
  artifactKey: Guid(5e22907918eb369488fa0311cd2eb070) Importer(815301076,1909f56bfc062723c751e8b465ee728b)
Start importing Assets/SummerEnvironment/LowpolyVegetationPackFree/Textures/PalettesVegetationPackFree.psd using Guid(5e22907918eb369488fa0311cd2eb070) Importer(815301076,1909f56bfc062723c751e8b465ee728b)  -> (artifact id: '44f3522bcf5c5f04b8b3a70994ae3b14') in 0.025825 seconds 
========================================================================
Received Import Request.
  Time since last request: 35.104592 seconds.
  path: Assets/Prefabs/Island - Sunset.prefab
  artifactKey: Guid(81e0b127f4e7fa14da1e3fd82477e869) Importer(815301076,1909f56bfc062723c751e8b465ee728b)
Start importing Assets/Prefabs/Island - Sunset.prefab using Guid(81e0b127f4e7fa14da1e3fd82477e869) Importer(815301076,1909f56bfc062723c751e8b465ee728b)  -> (artifact id: '04bebe2f66f29961148ff514e51b76f6') in 0.029940 seconds 
========================================================================
Received Import Request.
  Time since last request: 20.427035 seconds.
  path: Assets/SummerEnvironment/LowpolyVegetationPackFree/Prefabs
  artifactKey: Guid(c5fa102439a3ca447bcaae33e961afb6) Importer(815301076,1909f56bfc062723c751e8b465ee728b)
Start importing Assets/SummerEnvironment/LowpolyVegetationPackFree/Prefabs using Guid(c5fa102439a3ca447bcaae33e961afb6) Importer(815301076,1909f56bfc062723c751e8b465ee728b)  -> (artifact id: '305f1cbfdd8c48072ce06c0b3b8ff804') in 0.002322 seconds 
========================================================================
Received Import Request.
  Time since last request: 3.791298 seconds.
  path: Assets/SummerEnvironment/LowpolyVegetationPackFree/Scenes/Demo.unity
  artifactKey: Guid(6a49c803250a7d34c8eb3724d25a8c4d) Importer(815301076,1909f56bfc062723c751e8b465ee728b)
Start importing Assets/SummerEnvironment/LowpolyVegetationPackFree/Scenes/Demo.unity using Guid(6a49c803250a7d34c8eb3724d25a8c4d) Importer(815301076,1909f56bfc062723c751e8b465ee728b)  -> (artifact id: '6b6059ec0928645ac3c8df8964470ac4') in 0.005874 seconds 
========================================================================
Received Import Request.
  Time since last request: 0.435781 seconds.
  path: Assets/SummerEnvironment/LowpolyVegetationPackFree/Scenes/Preview.unity
  artifactKey: Guid(50b9de64f655a4b4cab33216ebea90ea) Importer(815301076,1909f56bfc062723c751e8b465ee728b)
Start importing Assets/SummerEnvironment/LowpolyVegetationPackFree/Scenes/Preview.unity using Guid(50b9de64f655a4b4cab33216ebea90ea) Importer(815301076,1909f56bfc062723c751e8b465ee728b)  -> (artifact id: '232d5ee362bd440de5f93b56e0d95df0') in 0.005797 seconds 
========================================================================
Received Import Request.
  Time since last request: 59.003704 seconds.
  path: Assets/Prefabs/Island - Sunset.prefab
  artifactKey: Guid(81e0b127f4e7fa14da1e3fd82477e869) Importer(815301076,1909f56bfc062723c751e8b465ee728b)
Start importing Assets/Prefabs/Island - Sunset.prefab using Guid(81e0b127f4e7fa14da1e3fd82477e869) Importer(815301076,1909f56bfc062723c751e8b465ee728b)  -> (artifact id: '60a09ccd627a1653712b0cc95033ab51') in 0.041451 seconds 
========================================================================
Received Import Request.
  Time since last request: 53.884476 seconds.
  path: Assets/Prefabs/Island - Sunset.prefab
  artifactKey: Guid(81e0b127f4e7fa14da1e3fd82477e869) Importer(815301076,1909f56bfc062723c751e8b465ee728b)
Start importing Assets/Prefabs/Island - Sunset.prefab using Guid(81e0b127f4e7fa14da1e3fd82477e869) Importer(815301076,1909f56bfc062723c751e8b465ee728b)  -> (artifact id: '31bcf23f3a730518c95509a83595c9c5') in 0.041441 seconds 
========================================================================
Received Import Request.
  Time since last request: 1.364625 seconds.
  path: Assets/Prefabs/Island - Sunset.prefab
  artifactKey: Guid(81e0b127f4e7fa14da1e3fd82477e869) Importer(815301076,1909f56bfc062723c751e8b465ee728b)
Start importing Assets/Prefabs/Island - Sunset.prefab using Guid(81e0b127f4e7fa14da1e3fd82477e869) Importer(815301076,1909f56bfc062723c751e8b465ee728b)  -> (artifact id: '624721cddf3d625997c88809e3c6fff8') in 0.040937 seconds 
========================================================================
Received Import Request.
  Time since last request: 0.927289 seconds.
  path: Assets/Prefabs/Island - Sunset.prefab
  artifactKey: Guid(81e0b127f4e7fa14da1e3fd82477e869) Importer(815301076,1909f56bfc062723c751e8b465ee728b)
Start importing Assets/Prefabs/Island - Sunset.prefab using Guid(81e0b127f4e7fa14da1e3fd82477e869) Importer(815301076,1909f56bfc062723c751e8b465ee728b)  -> (artifact id: 'b8f8358b1ad28f6232ec56631a537db2') in 0.038450 seconds 
