Using pre-set license
Built from '2021.3/release' branch; Version is '2021.3.17f1 (3e8111cac19d) revision 4096273'; Using compiler version '192829333'; Build Type 'Release'
OS: 'Windows 10  (10.0.19044) 64bit Core' Language: 'da' Physical Memory: 16332 MB
BatchMode: 1, IsHumanControllingUs: 0, StartBugReporterOnCrash: 0, Is64bit: 1, IsPro: 1

COMMAND LINE ARGUMENTS:
C:\Program Files\Unity\Hub\Editor\2021.3.17f1\Editor\Unity.exe
-adb2
-batchMode
-noUpm
-name
AssetImportWorker0
-projectPath
C:/Users/owais/Documents/GitHub/GameDev-Hand-In/HandIn
-logFile
Logs/AssetImportWorker0.log
-srvPort
50175
Successfully changed project path to: C:/Users/owais/Documents/GitHub/GameDev-Hand-In/HandIn
C:/Users/owais/Documents/GitHub/GameDev-Hand-In/HandIn
[UnityMemory] Configuration Parameters - Can be set up in boot.config
    "memorysetup-bucket-allocator-granularity=16"
    "memorysetup-bucket-allocator-bucket-count=8"
    "memorysetup-bucket-allocator-block-size=33554432"
    "memorysetup-bucket-allocator-block-count=8"
    "memorysetup-main-allocator-block-size=16777216"
    "memorysetup-thread-allocator-block-size=16777216"
    "memorysetup-gfx-main-allocator-block-size=16777216"
    "memorysetup-gfx-thread-allocator-block-size=16777216"
    "memorysetup-cache-allocator-block-size=4194304"
    "memorysetup-typetree-allocator-block-size=2097152"
    "memorysetup-profiler-bucket-allocator-granularity=16"
    "memorysetup-profiler-bucket-allocator-bucket-count=8"
    "memorysetup-profiler-bucket-allocator-block-size=33554432"
    "memorysetup-profiler-bucket-allocator-block-count=8"
    "memorysetup-profiler-allocator-block-size=16777216"
    "memorysetup-profiler-editor-allocator-block-size=1048576"
    "memorysetup-temp-allocator-size-main=16777216"
    "memorysetup-job-temp-allocator-block-size=2097152"
    "memorysetup-job-temp-allocator-block-size-background=1048576"
    "memorysetup-job-temp-allocator-reduction-small-platforms=262144"
    "memorysetup-temp-allocator-size-background-worker=32768"
    "memorysetup-temp-allocator-size-job-worker=262144"
    "memorysetup-temp-allocator-size-preload-manager=33554432"
    "memorysetup-temp-allocator-size-nav-mesh-worker=65536"
    "memorysetup-temp-allocator-size-audio-worker=65536"
    "memorysetup-temp-allocator-size-cloud-worker=32768"
    "memorysetup-temp-allocator-size-gi-baking-worker=262144"
    "memorysetup-temp-allocator-size-gfx=262144"
Player connection [7896] Host "[IP] 192.168.87.109 [Port] 0 [Flags] 2 [Guid] 1928708631 [EditorId] 1928708631 [Version] 1048832 [Id] WindowsEditor(7,DESKTOP-QIVENQ9) [Debug] 1 [PackageName] WindowsEditor [ProjectName] Editor" joined multi-casting on [225.0.0.222:54997]...

Player connection [7896] Host "[IP] 192.168.87.109 [Port] 0 [Flags] 2 [Guid] 1928708631 [EditorId] 1928708631 [Version] 1048832 [Id] WindowsEditor(7,DESKTOP-QIVENQ9) [Debug] 1 [PackageName] WindowsEditor [ProjectName] Editor" joined alternative multi-casting on [225.0.0.222:34997]...

Refreshing native plugins compatible for Editor in 85.58 ms, found 3 plugins.
Preloading 0 native plugins for Editor in 0.00 ms.
Initialize engine version: 2021.3.17f1 (3e8111cac19d)
[Subsystems] Discovering subsystems at path C:/Program Files/Unity/Hub/Editor/2021.3.17f1/Editor/Data/Resources/UnitySubsystems
[Subsystems] Discovering subsystems at path C:/Users/owais/Documents/GitHub/GameDev-Hand-In/HandIn/Assets
GfxDevice: creating device client; threaded=0; jobified=0
Direct3D:
    Version:  Direct3D 11.0 [level 11.1]
    Renderer: NVIDIA GeForce GTX 1080 Ti (ID=0x1b06)
    Vendor:   NVIDIA
    VRAM:     11120 MB
    Driver:   31.0.15.2756
Initialize mono
Mono path[0] = 'C:/Program Files/Unity/Hub/Editor/2021.3.17f1/Editor/Data/Managed'
Mono path[1] = 'C:/Program Files/Unity/Hub/Editor/2021.3.17f1/Editor/Data/MonoBleedingEdge/lib/mono/unityjit-win32'
Mono config path = 'C:/Program Files/Unity/Hub/Editor/2021.3.17f1/Editor/Data/MonoBleedingEdge/etc'
Using monoOptions --debugger-agent=transport=dt_socket,embedding=1,server=y,suspend=n,address=127.0.0.1:56068
Begin MonoManager ReloadAssembly
Registering precompiled unity dll's ...
Register platform support module: C:/Program Files/Unity/Hub/Editor/2021.3.17f1/Editor/Data/PlaybackEngines/WindowsStandaloneSupport/UnityEditor.WindowsStandalone.Extensions.dll
Registered in 0.007628 seconds.
Native extension for WindowsStandalone target not found
Refreshing native plugins compatible for Editor in 88.54 ms, found 3 plugins.
Preloading 0 native plugins for Editor in 0.00 ms.
Mono: successfully reloaded assembly
- Completed reload, in  0.658 seconds
Domain Reload Profiling:
	ReloadAssembly (659ms)
		BeginReloadAssembly (80ms)
			ExecutionOrderSort (0ms)
			DisableScriptedObjects (0ms)
			BackupInstance (0ms)
			ReleaseScriptingObjects (0ms)
			CreateAndSetChildDomain (1ms)
		EndReloadAssembly (470ms)
			LoadAssemblies (78ms)
			RebuildTransferFunctionScriptingTraits (0ms)
			SetupTypeCache (106ms)
			ReleaseScriptCaches (0ms)
			RebuildScriptCaches (31ms)
			SetupLoadedEditorAssemblies (280ms)
				LogAssemblyErrors (0ms)
				InitializePlatformSupportModulesInManaged (8ms)
				SetLoadedEditorAssemblies (0ms)
				RefreshPlugins (89ms)
				BeforeProcessingInitializeOnLoad (1ms)
				ProcessInitializeOnLoadAttributes (136ms)
				ProcessInitializeOnLoadMethodAttributes (46ms)
				AfterProcessingInitializeOnLoad (0ms)
				EditorAssembliesLoaded (0ms)
			ExecutionOrderSort2 (0ms)
			AwakeInstancesAfterBackupRestoration (0ms)
Platform modules already initialized, skipping
Registering precompiled user dll's ...
Registered in 0.005663 seconds.
Begin MonoManager ReloadAssembly
Symbol file LoadedFromMemory doesn't match image C:\Users\owais\Documents\GitHub\GameDev-Hand-In\HandIn\Library\PackageCache\com.unity.visualscripting@1.8.0\Editor\VisualScripting.Core\Dependencies\YamlDotNet\Unity.VisualScripting.YamlDotNet.dll
Symbol file LoadedFromMemory doesn't match image C:\Users\owais\Documents\GitHub\GameDev-Hand-In\HandIn\Library\PackageCache\com.unity.visualscripting@1.8.0\Editor\VisualScripting.Core\Dependencies\DotNetZip\Unity.VisualScripting.IonicZip.dll
Native extension for WindowsStandalone target not found
Refreshing native plugins compatible for Editor in 0.79 ms, found 3 plugins.
Preloading 0 native plugins for Editor in 0.00 ms.
Mono: successfully reloaded assembly
- Completed reload, in  1.045 seconds
Domain Reload Profiling:
	ReloadAssembly (1046ms)
		BeginReloadAssembly (113ms)
			ExecutionOrderSort (0ms)
			DisableScriptedObjects (6ms)
			BackupInstance (0ms)
			ReleaseScriptingObjects (0ms)
			CreateAndSetChildDomain (19ms)
		EndReloadAssembly (811ms)
			LoadAssemblies (91ms)
			RebuildTransferFunctionScriptingTraits (0ms)
			SetupTypeCache (277ms)
			ReleaseScriptCaches (1ms)
			RebuildScriptCaches (50ms)
			SetupLoadedEditorAssemblies (360ms)
				LogAssemblyErrors (0ms)
				InitializePlatformSupportModulesInManaged (5ms)
				SetLoadedEditorAssemblies (1ms)
				RefreshPlugins (1ms)
				BeforeProcessingInitializeOnLoad (88ms)
				ProcessInitializeOnLoadAttributes (235ms)
				ProcessInitializeOnLoadMethodAttributes (23ms)
				AfterProcessingInitializeOnLoad (6ms)
				EditorAssembliesLoaded (0ms)
			ExecutionOrderSort2 (0ms)
			AwakeInstancesAfterBackupRestoration (6ms)
Platform modules already initialized, skipping
========================================================================
Worker process is ready to serve import requests
Launched and connected shader compiler UnityShaderCompiler.exe after 0.04 seconds
Refreshing native plugins compatible for Editor in 0.97 ms, found 3 plugins.
Preloading 0 native plugins for Editor in 0.00 ms.
Unloading 3376 Unused Serialized files (Serialized files now loaded: 0)
Unloading 27 unused Assets / (113.9 KB). Loaded Objects now: 3833.
Memory consumption went from 115.7 MB to 115.6 MB.
Total: 4.188200 ms (FindLiveObjects: 0.372900 ms CreateObjectMapping: 0.313500 ms MarkObjects: 3.353400 ms  DeleteObjects: 0.147400 ms)

AssetImportParameters requested are different than current active one (requested -> active):
  custom:video-decoder-ogg-theora: a1e56fd34408186e4bbccfd4996cb3dc -> 
  custom:container-muxer-webm: aa71ff27fc2769a1b78a27578f13a17b -> 
  custom:container-demuxer-webm: 4f35f7cbe854078d1ac9338744f61a02 -> 
  custom:video-encoder-webm-vp8: eb34c28f22e8b96e1ab97ce403110664 -> 
  custom:video-codec-MediaFoundation-h265: 746d11721c4dcdbdad8f713fa42b33f4 -> 
  custom:audio-encoder-webm-vorbis: bf7c407c2cedff20999df2af8eb42d56 -> 
  custom:framework-win-MediaFoundation: 216162199b28c13a410421893ffa2e32 -> 
  custom:container-demuxer-ogg: 62fdf1f143b41e24485cea50d1cbac27 -> 
  custom:video-decoder-webm-vp8: 9c59270c3fd7afecdb556c50c9e8de78 -> 
  custom:audio-decoder-ogg-vorbis: bf7c407c2cedff20999df2af8eb42d56 -> 
========================================================================
Received Import Request.
  Time since last request: 1640.778646 seconds.
  path: Assets/Prefabs/Island - Winter.prefab
  artifactKey: Guid(0a660ddef75a5a840bfa961fc39e1715) Importer(815301076,1909f56bfc062723c751e8b465ee728b)
Start importing Assets/Prefabs/Island - Winter.prefab using Guid(0a660ddef75a5a840bfa961fc39e1715) Importer(815301076,1909f56bfc062723c751e8b465ee728b)  -> (artifact id: 'a26858bf167aebd0dfd464728f2c5cd4') in 0.062782 seconds 
========================================================================
Received Import Request.
  Time since last request: 0.000022 seconds.
  path: Assets/Prefabs/Island - Sunset.prefab
  artifactKey: Guid(81e0b127f4e7fa14da1e3fd82477e869) Importer(815301076,1909f56bfc062723c751e8b465ee728b)
Start importing Assets/Prefabs/Island - Sunset.prefab using Guid(81e0b127f4e7fa14da1e3fd82477e869) Importer(815301076,1909f56bfc062723c751e8b465ee728b)  -> (artifact id: '6442c84654f76912b8bda242d2351f1e') in 0.007784 seconds 
========================================================================
Received Import Request.
  Time since last request: 10.684232 seconds.
  path: Assets/Prefabs/Island - Sunset.prefab
  artifactKey: Guid(81e0b127f4e7fa14da1e3fd82477e869) Importer(815301076,1909f56bfc062723c751e8b465ee728b)
Start importing Assets/Prefabs/Island - Sunset.prefab using Guid(81e0b127f4e7fa14da1e3fd82477e869) Importer(815301076,1909f56bfc062723c751e8b465ee728b)  -> (artifact id: '413239b2ef2e029616a3b9815078b329') in 0.003900 seconds 
========================================================================
Received Import Request.
  Time since last request: 14.904921 seconds.
  path: Assets/Prefabs/Island - Sunset.prefab
  artifactKey: Guid(81e0b127f4e7fa14da1e3fd82477e869) Importer(815301076,1909f56bfc062723c751e8b465ee728b)
Start importing Assets/Prefabs/Island - Sunset.prefab using Guid(81e0b127f4e7fa14da1e3fd82477e869) Importer(815301076,1909f56bfc062723c751e8b465ee728b)  -> (artifact id: 'b7df706e2e597f2b89fbcab09297d181') in 0.074242 seconds 
========================================================================
Received Import Request.
  Time since last request: 2.081133 seconds.
  path: Assets/Prefabs/Island - Sunset.prefab
  artifactKey: Guid(81e0b127f4e7fa14da1e3fd82477e869) Importer(815301076,1909f56bfc062723c751e8b465ee728b)
Start importing Assets/Prefabs/Island - Sunset.prefab using Guid(81e0b127f4e7fa14da1e3fd82477e869) Importer(815301076,1909f56bfc062723c751e8b465ee728b)  -> (artifact id: '9db092df95fe1e60d3760239ba5fa392') in 0.009545 seconds 
========================================================================
Received Import Request.
  Time since last request: 1.683966 seconds.
  path: Assets/Prefabs/Island - Sunset.prefab
  artifactKey: Guid(81e0b127f4e7fa14da1e3fd82477e869) Importer(815301076,1909f56bfc062723c751e8b465ee728b)
Start importing Assets/Prefabs/Island - Sunset.prefab using Guid(81e0b127f4e7fa14da1e3fd82477e869) Importer(815301076,1909f56bfc062723c751e8b465ee728b)  -> (artifact id: 'f79f4c38fd610b66ea91fbfb84372c8b') in 0.010263 seconds 
========================================================================
Received Import Request.
  Time since last request: 0.507111 seconds.
  path: Assets/Prefabs/Island - Sunset.prefab
  artifactKey: Guid(81e0b127f4e7fa14da1e3fd82477e869) Importer(815301076,1909f56bfc062723c751e8b465ee728b)
Start importing Assets/Prefabs/Island - Sunset.prefab using Guid(81e0b127f4e7fa14da1e3fd82477e869) Importer(815301076,1909f56bfc062723c751e8b465ee728b)  -> (artifact id: 'a1ec22828836745bbea5075394ccd881') in 0.008799 seconds 
========================================================================
Received Import Request.
  Time since last request: 3.823555 seconds.
  path: Assets/Prefabs/Island - Sunset.prefab
  artifactKey: Guid(81e0b127f4e7fa14da1e3fd82477e869) Importer(815301076,1909f56bfc062723c751e8b465ee728b)
Start importing Assets/Prefabs/Island - Sunset.prefab using Guid(81e0b127f4e7fa14da1e3fd82477e869) Importer(815301076,1909f56bfc062723c751e8b465ee728b)  -> (artifact id: '84ebd39ed72f3d1a77a07cf5ce0126e7') in 0.010905 seconds 
========================================================================
Received Import Request.
  Time since last request: 2.815018 seconds.
  path: Assets/Prefabs/Island - Sunset.prefab
  artifactKey: Guid(81e0b127f4e7fa14da1e3fd82477e869) Importer(815301076,1909f56bfc062723c751e8b465ee728b)
Start importing Assets/Prefabs/Island - Sunset.prefab using Guid(81e0b127f4e7fa14da1e3fd82477e869) Importer(815301076,1909f56bfc062723c751e8b465ee728b)  -> (artifact id: '9523f5bc38e872545d19e8c399a9d47e') in 0.009073 seconds 
========================================================================
Received Import Request.
  Time since last request: 2.208188 seconds.
  path: Assets/Prefabs/Island - Sunset.prefab
  artifactKey: Guid(81e0b127f4e7fa14da1e3fd82477e869) Importer(815301076,1909f56bfc062723c751e8b465ee728b)
Start importing Assets/Prefabs/Island - Sunset.prefab using Guid(81e0b127f4e7fa14da1e3fd82477e869) Importer(815301076,1909f56bfc062723c751e8b465ee728b)  -> (artifact id: '9cfd350164094f4469c57aa5cc497b88') in 0.009482 seconds 
========================================================================
Received Import Request.
  Time since last request: 6.681579 seconds.
  path: Assets/Prefabs/Island - Sunset.prefab
  artifactKey: Guid(81e0b127f4e7fa14da1e3fd82477e869) Importer(815301076,1909f56bfc062723c751e8b465ee728b)
Start importing Assets/Prefabs/Island - Sunset.prefab using Guid(81e0b127f4e7fa14da1e3fd82477e869) Importer(815301076,1909f56bfc062723c751e8b465ee728b)  -> (artifact id: 'b7a455d31326a76b185aad152f04a962') in 0.016141 seconds 
========================================================================
Received Import Request.
  Time since last request: 16.061203 seconds.
  path: Assets/Prefabs/Island - Sunset.prefab
  artifactKey: Guid(81e0b127f4e7fa14da1e3fd82477e869) Importer(815301076,1909f56bfc062723c751e8b465ee728b)
Start importing Assets/Prefabs/Island - Sunset.prefab using Guid(81e0b127f4e7fa14da1e3fd82477e869) Importer(815301076,1909f56bfc062723c751e8b465ee728b)  -> (artifact id: 'e46169e50657ce09909e4d8f4bb1bf58') in 0.003665 seconds 
========================================================================
Received Import Request.
  Time since last request: 7.029304 seconds.
  path: Assets/Prefabs/Island - Sunset.prefab
  artifactKey: Guid(81e0b127f4e7fa14da1e3fd82477e869) Importer(815301076,1909f56bfc062723c751e8b465ee728b)
Start importing Assets/Prefabs/Island - Sunset.prefab using Guid(81e0b127f4e7fa14da1e3fd82477e869) Importer(815301076,1909f56bfc062723c751e8b465ee728b)  -> (artifact id: 'da795a70425899b3d7f35f9b61c936cf') in 0.003350 seconds 
========================================================================
Received Import Request.
  Time since last request: 0.816976 seconds.
  path: Assets/Prefabs/Island - Sunset.prefab
  artifactKey: Guid(81e0b127f4e7fa14da1e3fd82477e869) Importer(815301076,1909f56bfc062723c751e8b465ee728b)
Start importing Assets/Prefabs/Island - Sunset.prefab using Guid(81e0b127f4e7fa14da1e3fd82477e869) Importer(815301076,1909f56bfc062723c751e8b465ee728b)  -> (artifact id: 'c41a07e8e3429b8561cd66bd76b0792c') in 0.003452 seconds 
========================================================================
Received Import Request.
  Time since last request: 23.974157 seconds.
  path: Assets/Prefabs/Island - Sunset.prefab
  artifactKey: Guid(81e0b127f4e7fa14da1e3fd82477e869) Importer(815301076,1909f56bfc062723c751e8b465ee728b)
Start importing Assets/Prefabs/Island - Sunset.prefab using Guid(81e0b127f4e7fa14da1e3fd82477e869) Importer(815301076,1909f56bfc062723c751e8b465ee728b)  -> (artifact id: '8a6044aa3a2adeafbfaa5ab23676a94e') in 0.003311 seconds 
========================================================================
Received Import Request.
  Time since last request: 87.798346 seconds.
  path: Packages/com.unity.visualscripting/package.json
  artifactKey: Guid(545a9d2bc7370224f8d14c22f2f580e0) Importer(815301076,1909f56bfc062723c751e8b465ee728b)
Start importing Packages/com.unity.visualscripting/package.json using Guid(545a9d2bc7370224f8d14c22f2f580e0) Importer(815301076,1909f56bfc062723c751e8b465ee728b)  -> (artifact id: '802ca2141556239ed6a1d27f6470288f') in 0.042931 seconds 
========================================================================
Received Import Request.
  Time since last request: 319.978807 seconds.
  path: Assets/Prefabs/Island - Sunset.prefab
  artifactKey: Guid(81e0b127f4e7fa14da1e3fd82477e869) Importer(815301076,1909f56bfc062723c751e8b465ee728b)
Start importing Assets/Prefabs/Island - Sunset.prefab using Guid(81e0b127f4e7fa14da1e3fd82477e869) Importer(815301076,1909f56bfc062723c751e8b465ee728b)  -> (artifact id: 'd93babf64a49ec46b48c977db4931fa3') in 0.004709 seconds 
========================================================================
Received Import Request.
  Time since last request: 0.591264 seconds.
  path: Assets/Prefabs/Island - Sunset.prefab
  artifactKey: Guid(81e0b127f4e7fa14da1e3fd82477e869) Importer(815301076,1909f56bfc062723c751e8b465ee728b)
Start importing Assets/Prefabs/Island - Sunset.prefab using Guid(81e0b127f4e7fa14da1e3fd82477e869) Importer(815301076,1909f56bfc062723c751e8b465ee728b)  -> (artifact id: '20313daedd93aba92abfb0b4c8f7d75a') in 0.003413 seconds 
========================================================================
Received Import Request.
  Time since last request: 2.025306 seconds.
  path: Assets/Prefabs/Island - Sunset.prefab
  artifactKey: Guid(81e0b127f4e7fa14da1e3fd82477e869) Importer(815301076,1909f56bfc062723c751e8b465ee728b)
Start importing Assets/Prefabs/Island - Sunset.prefab using Guid(81e0b127f4e7fa14da1e3fd82477e869) Importer(815301076,1909f56bfc062723c751e8b465ee728b)  -> (artifact id: '68209b043d81733ce80d746b737a1459') in 0.003740 seconds 
========================================================================
Received Import Request.
  Time since last request: 54.302010 seconds.
  path: Assets/TropicalEnvironment_LITE/Prefabs
  artifactKey: Guid(58de3255b3e01764eabf1e6b1f787480) Importer(815301076,1909f56bfc062723c751e8b465ee728b)
Start importing Assets/TropicalEnvironment_LITE/Prefabs using Guid(58de3255b3e01764eabf1e6b1f787480) Importer(815301076,1909f56bfc062723c751e8b465ee728b)  -> (artifact id: '399f631cab6cd29c1898d39212652576') in 0.006303 seconds 
========================================================================
Received Import Request.
  Time since last request: 0.068408 seconds.
  path: Assets/TropicalEnvironment_LITE/Prefabs/Barrel_04.prefab
  artifactKey: Guid(ce66a822c9a3f614fbdf2bc93393f17e) Importer(815301076,1909f56bfc062723c751e8b465ee728b)
Start importing Assets/TropicalEnvironment_LITE/Prefabs/Barrel_04.prefab using Guid(ce66a822c9a3f614fbdf2bc93393f17e) Importer(815301076,1909f56bfc062723c751e8b465ee728b)  -> (artifact id: 'b366f6562974484a8d986152634d8e7f') in 0.049075 seconds 
========================================================================
Received Import Request.
  Time since last request: 0.000022 seconds.
  path: Assets/TropicalEnvironment_LITE/Prefabs/Pier_02.prefab
  artifactKey: Guid(c4ce77fae258db1419fe426be4a51bbb) Importer(815301076,1909f56bfc062723c751e8b465ee728b)
Start importing Assets/TropicalEnvironment_LITE/Prefabs/Pier_02.prefab using Guid(c4ce77fae258db1419fe426be4a51bbb) Importer(815301076,1909f56bfc062723c751e8b465ee728b)  -> (artifact id: '94c4cdc49ab8ce9e1567c661f6b57a0e') in 0.029711 seconds 
========================================================================
Received Import Request.
  Time since last request: 0.000025 seconds.
  path: Assets/TropicalEnvironment_LITE/Prefabs/Plank_01.prefab
  artifactKey: Guid(c95646f11c8203b438f9c638247c3121) Importer(815301076,1909f56bfc062723c751e8b465ee728b)
Start importing Assets/TropicalEnvironment_LITE/Prefabs/Plank_01.prefab using Guid(c95646f11c8203b438f9c638247c3121) Importer(815301076,1909f56bfc062723c751e8b465ee728b)  -> (artifact id: '0f573a872e9fb5b90e9b15cd808ef0d6') in 0.019442 seconds 
========================================================================
Received Import Request.
  Time since last request: 0.000022 seconds.
  path: Assets/TropicalEnvironment_LITE/Prefabs/Rock_01.prefab
  artifactKey: Guid(c8a2815ff94c8cf4c817008d9af097ad) Importer(815301076,1909f56bfc062723c751e8b465ee728b)
Start importing Assets/TropicalEnvironment_LITE/Prefabs/Rock_01.prefab using Guid(c8a2815ff94c8cf4c817008d9af097ad) Importer(815301076,1909f56bfc062723c751e8b465ee728b)  -> (artifact id: '4347747cd3dce4d19dedc092d6a03f23') in 0.020845 seconds 
========================================================================
Received Import Request.
  Time since last request: 0.000033 seconds.
  path: Assets/TropicalEnvironment_LITE/Prefabs/PalmTree_05.prefab
  artifactKey: Guid(3d6ee73ce0cc2f34fb0943aee27b056a) Importer(815301076,1909f56bfc062723c751e8b465ee728b)
Start importing Assets/TropicalEnvironment_LITE/Prefabs/PalmTree_05.prefab using Guid(3d6ee73ce0cc2f34fb0943aee27b056a) Importer(815301076,1909f56bfc062723c751e8b465ee728b)  -> (artifact id: '1fb5cf8bf15ea1698038bbfb726ba5ce') in 0.016452 seconds 
========================================================================
Received Import Request.
  Time since last request: 0.000031 seconds.
  path: Assets/TropicalEnvironment_LITE/Prefabs/PirateSword_01.prefab
  artifactKey: Guid(dbd2a57d08b34234fa124d3add256cf5) Importer(815301076,1909f56bfc062723c751e8b465ee728b)
Start importing Assets/TropicalEnvironment_LITE/Prefabs/PirateSword_01.prefab using Guid(dbd2a57d08b34234fa124d3add256cf5) Importer(815301076,1909f56bfc062723c751e8b465ee728b)  -> (artifact id: '8b1b6a60f2d837cb60c633d8e1ee32a9') in 0.012996 seconds 
========================================================================
Received Import Request.
  Time since last request: 8.003047 seconds.
  path: Assets/New Terrain.asset
  artifactKey: Guid(9a772f65d157f4b47904071c15361dad) Importer(815301076,1909f56bfc062723c751e8b465ee728b)
Start importing Assets/New Terrain.asset using Guid(9a772f65d157f4b47904071c15361dad) Importer(815301076,1909f56bfc062723c751e8b465ee728b)  -> (artifact id: 'f456cf094b990f48ca97be51d3d7b3e8') in 0.034863 seconds 
========================================================================
Received Import Request.
  Time since last request: 94.394723 seconds.
  path: Assets/TropicalEnvironment_LITE/Terrain/TerrainLayer/Sand_Lite.terrainlayer
  artifactKey: Guid(ab2a3f1fd5b756f46a51bd8666d53529) Importer(815301076,1909f56bfc062723c751e8b465ee728b)
Start importing Assets/TropicalEnvironment_LITE/Terrain/TerrainLayer/Sand_Lite.terrainlayer using Guid(ab2a3f1fd5b756f46a51bd8666d53529) Importer(815301076,1909f56bfc062723c751e8b465ee728b)  -> (artifact id: '66544ba3246337091222b14732bb3cfc') in 0.044313 seconds 
========================================================================
Received Import Request.
  Time since last request: 3.890633 seconds.
  path: Assets/TropicalEnvironment_LITE/Models/Chest_01.fbx
  artifactKey: Guid(150ba11dd01b4424181fe89bbac97410) Importer(815301076,1909f56bfc062723c751e8b465ee728b)
Start importing Assets/TropicalEnvironment_LITE/Models/Chest_01.fbx using Guid(150ba11dd01b4424181fe89bbac97410) Importer(815301076,1909f56bfc062723c751e8b465ee728b)  -> (artifact id: 'fec3ecfd7949e675c6605de4a455d845') in 0.176391 seconds 
========================================================================
Received Import Request.
  Time since last request: 0.000023 seconds.
  path: Assets/TropicalEnvironment_LITE/Models/Rock_01.fbx
  artifactKey: Guid(10b9468aff5374f48b06046e1d16e6ca) Importer(815301076,1909f56bfc062723c751e8b465ee728b)
Start importing Assets/TropicalEnvironment_LITE/Models/Rock_01.fbx using Guid(10b9468aff5374f48b06046e1d16e6ca) Importer(815301076,1909f56bfc062723c751e8b465ee728b)  -> (artifact id: 'cf70db07aefe2feb9a01c7658b252d6f') in 0.054167 seconds 
========================================================================
Received Import Request.
  Time since last request: 0.000028 seconds.
  path: Assets/TropicalEnvironment_LITE/Models/Skull_01.fbx
  artifactKey: Guid(f348a0f467f71dc49b39778f1b38e95a) Importer(815301076,1909f56bfc062723c751e8b465ee728b)
Start importing Assets/TropicalEnvironment_LITE/Models/Skull_01.fbx using Guid(f348a0f467f71dc49b39778f1b38e95a) Importer(815301076,1909f56bfc062723c751e8b465ee728b)  -> (artifact id: '96d81b69ebf5328e941c54ca63d90812') in 0.050341 seconds 
========================================================================
Received Import Request.
  Time since last request: 0.000021 seconds.
  path: Assets/TropicalEnvironment_LITE/Models/Chest_01_2.fbx
  artifactKey: Guid(2676e78c7f3295e4fafa83bedcf2c7af) Importer(815301076,1909f56bfc062723c751e8b465ee728b)
Start importing Assets/TropicalEnvironment_LITE/Models/Chest_01_2.fbx using Guid(2676e78c7f3295e4fafa83bedcf2c7af) Importer(815301076,1909f56bfc062723c751e8b465ee728b)  -> (artifact id: '37d2f8b6345dedb2f42a8403f09b3054') in 0.069143 seconds 
========================================================================
Received Import Request.
  Time since last request: 0.000023 seconds.
  path: Assets/TropicalEnvironment_LITE/Models/Plank_01.fbx
  artifactKey: Guid(f9dc45da0de6c2c46bf15b7bb9429452) Importer(815301076,1909f56bfc062723c751e8b465ee728b)
Start importing Assets/TropicalEnvironment_LITE/Models/Plank_01.fbx using Guid(f9dc45da0de6c2c46bf15b7bb9429452) Importer(815301076,1909f56bfc062723c751e8b465ee728b)  -> (artifact id: '1251450539e067045df5e9ae61a537c5') in 0.038349 seconds 
========================================================================
Received Import Request.
  Time since last request: 0.000024 seconds.
  path: Assets/TropicalEnvironment_LITE/Models/Pier_02.fbx
  artifactKey: Guid(5fad09914995871439e31efe5b1b7887) Importer(815301076,1909f56bfc062723c751e8b465ee728b)
Start importing Assets/TropicalEnvironment_LITE/Models/Pier_02.fbx using Guid(5fad09914995871439e31efe5b1b7887) Importer(815301076,1909f56bfc062723c751e8b465ee728b)  -> (artifact id: 'ecba1dcc155f3a3e158d08d9e11faa53') in 0.025172 seconds 
========================================================================
Received Import Request.
  Time since last request: 1.254295 seconds.
  path: Assets/TropicalEnvironment_LITE/Materials/TropicalEnvironmentLite_GodRay_01.mat
  artifactKey: Guid(3c59c19b70a12684ca1e12dd020e2c20) Importer(815301076,1909f56bfc062723c751e8b465ee728b)
Start importing Assets/TropicalEnvironment_LITE/Materials/TropicalEnvironmentLite_GodRay_01.mat using Guid(3c59c19b70a12684ca1e12dd020e2c20) Importer(815301076,1909f56bfc062723c751e8b465ee728b)  -> (artifact id: 'f790e77856f815a2adf4d827e15b7685') in 0.037842 seconds 
========================================================================
Received Import Request.
  Time since last request: 0.000023 seconds.
  path: Assets/TropicalEnvironment_LITE/Materials/TropicalEnvironmentLite_Sand.mat
  artifactKey: Guid(79ce9297fbe41c145985c103f9b14bb0) Importer(815301076,1909f56bfc062723c751e8b465ee728b)
Start importing Assets/TropicalEnvironment_LITE/Materials/TropicalEnvironmentLite_Sand.mat using Guid(79ce9297fbe41c145985c103f9b14bb0) Importer(815301076,1909f56bfc062723c751e8b465ee728b)  -> (artifact id: '82b8ecca4fa1a60a60865ec181d13e24') in 0.017104 seconds 
========================================================================
Received Import Request.
  Time since last request: 0.000020 seconds.
  path: Assets/TropicalEnvironment_LITE/Materials/TropicalEnvironmentLite_MAIN.mat
  artifactKey: Guid(fd0f411072abac7438aba85e685bbb81) Importer(815301076,1909f56bfc062723c751e8b465ee728b)
Start importing Assets/TropicalEnvironment_LITE/Materials/TropicalEnvironmentLite_MAIN.mat using Guid(fd0f411072abac7438aba85e685bbb81) Importer(815301076,1909f56bfc062723c751e8b465ee728b)  -> (artifact id: '9d3f4b5c8c6d565650db3c56aae86de2') in 0.016457 seconds 
Editor requested this worker to shutdown with reason: Scaling down because of idle timeout
AssetImportWorker is now disconnected from the server
Process exiting
Exiting without the bug reporter. Application will terminate with return code 0